TN:
SF:contracts/deployment/Migrations.sol
DA:23,0
FN:23,Migrations.constructor
FNDA:0,Migrations.constructor
DA:24,0
DA:27,0
FN:27,Migrations.restricted
FNDA:0,Migrations.restricted
DA:28,0
BRDA:28,0,0,-
BRDA:28,0,1,-
DA:32,0
FN:32,Migrations.setCompleted
FNDA:0,Migrations.setCompleted
DA:33,0
BRDA:33,1,0,-
BRDA:33,1,1,-
DA:37,0
DA:38,0
DA:41,0
FN:41,Migrations.upgrade
FNDA:0,Migrations.upgrade
DA:42,0
BRDA:42,2,0,-
BRDA:42,2,1,-
DA:43,0
BRDA:43,3,0,-
BRDA:43,3,1,-
DA:48,0
DA:49,0
DA:52,0
DA:53,0
DA:54,0
DA:56,0
DA:66,0
FN:66,Migrations.getMigrationContract
FNDA:0,Migrations.getMigrationContract
DA:69,0
DA:75,0
FN:75,Migrations.isMigrationContractAddress
FNDA:0,Migrations.isMigrationContractAddress
DA:78,0
DA:84,0
FN:84,Migrations.getMigrationStats
FNDA:0,Migrations.getMigrationStats
DA:93,0
FNF:7
FNH:0
LF:23
LH:0
BRF:8
BRH:0
end_of_record
TN:
SF:contracts/deployment/factories/GameFactory.sol
DA:59,0
FN:59,GameFactory.constructor
FNDA:0,GameFactory.constructor
DA:60,0
DA:63,0
FN:63,GameFactory.initialize
FNDA:0,GameFactory.initialize
DA:73,0
DA:74,0
DA:75,0
DA:76,0
DA:77,0
DA:78,0
DA:79,0
DA:80,0
DA:83,0
DA:84,0
DA:85,0
DA:86,0
DA:87,0
DA:89,0
DA:90,0
DA:91,0
DA:92,0
DA:94,0
DA:103,0
FN:103,GameFactory.createGame
FNDA:0,GameFactory.createGame
DA:106,0
DA:108,0
BRDA:108,0,0,-
BRDA:108,0,1,-
DA:109,0
DA:110,0
BRDA:110,1,0,-
BRDA:110,1,1,-
DA:111,0
DA:113,0
DA:117,0
DA:124,0
DA:126,0
DA:128,0
DA:134,0
FN:134,GameFactory._create1DayGame
FNDA:0,GameFactory._create1DayGame
DA:135,0
DA:146,0
DA:148,0
DA:154,0
FN:154,GameFactory._create7DaysGame
FNDA:0,GameFactory._create7DaysGame
DA:155,0
DA:166,0
DA:171,0
DA:177,0
FN:177,GameFactory.deactivateGame
FNDA:0,GameFactory.deactivateGame
DA:178,0
BRDA:178,2,0,-
BRDA:178,2,1,-
DA:179,0
DA:180,0
DA:186,0
FN:186,GameFactory.getActiveGames
FNDA:0,GameFactory.getActiveGames
DA:187,0
DA:188,0
DA:189,0
BRDA:189,3,0,-
DA:190,0
DA:194,0
DA:195,0
DA:196,0
DA:197,0
BRDA:197,4,0,-
DA:198,0
DA:199,0
DA:203,0
DA:209,0
FN:209,GameFactory.getGameInfo
FNDA:0,GameFactory.getGameInfo
DA:212,0
DA:218,0
FN:218,GameFactory.setImplementations
FNDA:0,GameFactory.setImplementations
DA:222,0
DA:223,0
DA:226,0
FN:226,GameFactory.getAllGames
FNDA:0,GameFactory.getAllGames
DA:227,0
DA:228,0
DA:229,0
DA:230,0
DA:231,0
DA:233,0
DA:236,0
FN:236,GameFactory.getGameCount
FNDA:0,GameFactory.getGameCount
DA:237,0
DA:240,0
FN:240,GameFactory.getGamesByType
FNDA:0,GameFactory.getGamesByType
DA:243,0
DA:244,0
DA:245,0
DA:246,0
DA:248,0
DA:251,0
DA:252,0
DA:255,0
DA:256,0
DA:257,0
DA:260,0
FNF:12
FNH:0
LF:82
LH:0
BRF:8
BRH:0
end_of_record
TN:
SF:contracts/modules/analytics/AnalyticsEngine.sol
DA:108,0
FN:108,AnalyticsEngine.constructor
FNDA:0,AnalyticsEngine.constructor
DA:109,0
DA:112,0
FN:112,AnalyticsEngine.initialize
FNDA:0,AnalyticsEngine.initialize
DA:113,0
DA:114,0
DA:115,0
DA:121,0
FN:121,AnalyticsEngine.updateUserAnalytics
FNDA:0,AnalyticsEngine.updateUserAnalytics
DA:129,0
BRDA:129,0,0,-
BRDA:129,0,1,-
DA:131,0
DA:132,0
DA:133,0
DA:134,0
DA:135,0
DA:136,0
DA:137,0
DA:139,0
DA:145,0
FN:145,AnalyticsEngine.updateGameAnalytics
FNDA:0,AnalyticsEngine.updateGameAnalytics
DA:153,0
BRDA:153,1,0,-
BRDA:153,1,1,-
DA:155,0
DA:156,0
DA:157,0
DA:158,0
DA:159,0
DA:160,0
DA:161,0
DA:163,0
DA:175,0
FN:175,AnalyticsEngine.updateSystemAnalytics
FNDA:0,AnalyticsEngine.updateSystemAnalytics
DA:183,0
BRDA:183,2,0,-
BRDA:183,2,1,-
DA:185,0
DA:186,0
DA:187,0
DA:188,0
DA:189,0
DA:190,0
DA:192,0
DA:194,0
DA:205,0
FN:205,AnalyticsEngine.updateDailyStats
FNDA:0,AnalyticsEngine.updateDailyStats
DA:211,0
BRDA:211,3,0,-
BRDA:211,3,1,-
DA:213,0
DA:214,0
DA:215,0
DA:221,0
FN:221,AnalyticsEngine.toggleAnalytics
FNDA:0,AnalyticsEngine.toggleAnalytics
DA:222,0
DA:223,0
DA:229,0
FN:229,AnalyticsEngine.getUserAnalytics
FNDA:0,AnalyticsEngine.getUserAnalytics
DA:232,0
DA:238,0
FN:238,AnalyticsEngine.getGameAnalytics
FNDA:0,AnalyticsEngine.getGameAnalytics
DA:241,0
DA:247,0
FN:247,AnalyticsEngine.getSystemAnalytics
FNDA:0,AnalyticsEngine.getSystemAnalytics
DA:252,0
DA:258,0
FN:258,AnalyticsEngine.getDailyStats
FNDA:0,AnalyticsEngine.getDailyStats
DA:265,0
DA:271,0
FN:271,AnalyticsEngine.getPeriodStats
FNDA:0,AnalyticsEngine.getPeriodStats
DA:283,0
DA:284,0
DA:285,0
DA:287,0
DA:288,0
DA:289,0
DA:290,0
DA:293,0
DA:300,0
FN:300,AnalyticsEngine.getTopUsers
FNDA:0,AnalyticsEngine.getTopUsers
DA:304,0
DA:313,0
FN:313,AnalyticsEngine.analyzeUserActivity
FNDA:0,AnalyticsEngine.analyzeUserActivity
DA:317,0
DA:319,0
DA:320,0
DA:321,0
BRDA:321,4,0,-
DA:322,0
DA:324,0
DA:327,0
DA:333,0
FN:333,AnalyticsEngine.getAnalyticsStats
FNDA:0,AnalyticsEngine.getAnalyticsStats
DA:344,0
DA:359,0
FN:359,AnalyticsEngine.compareGameTypes
FNDA:0,AnalyticsEngine.compareGameTypes
DA:366,0
DA:367,0
DA:369,0
DA:370,0
DA:371,0
DA:372,0
DA:375,0
DA:385,0
FN:385,AnalyticsEngine.analyzeUserActivityByPeriod
FNDA:0,AnalyticsEngine.analyzeUserActivityByPeriod
DA:390,0
DA:391,0
DA:393,0
DA:394,0
DA:395,0
BRDA:395,5,0,-
DA:396,0
DA:398,0
DA:401,0
FNF:17
FNH:0
LF:90
LH:0
BRF:10
BRH:0
end_of_record
TN:
SF:contracts/modules/analytics/MonitoringSystem.sol
DA:94,0
FN:94,MonitoringSystem.constructor
FNDA:0,MonitoringSystem.constructor
DA:95,0
DA:98,0
FN:98,MonitoringSystem.initialize
FNDA:0,MonitoringSystem.initialize
DA:99,0
DA:100,0
DA:112,0
FN:112,MonitoringSystem.updateMetrics
FNDA:0,MonitoringSystem.updateMetrics
DA:117,0
DA:118,0
DA:119,0
DA:120,0
DA:123,0
DA:125,0
DA:131,0
FN:131,MonitoringSystem.createAlert
FNDA:0,MonitoringSystem.createAlert
DA:135,0
BRDA:135,0,0,-
BRDA:135,0,1,-
DA:137,0
DA:138,0
DA:145,0
DA:151,0
FN:151,MonitoringSystem.resolveAlert
FNDA:0,MonitoringSystem.resolveAlert
DA:152,0
BRDA:152,1,0,-
BRDA:152,1,1,-
DA:153,0
BRDA:153,2,0,-
BRDA:153,2,1,-
DA:155,0
DA:156,0
DA:162,0
FN:162,MonitoringSystem.registerContract
FNDA:0,MonitoringSystem.registerContract
DA:163,0
BRDA:163,3,0,-
BRDA:163,3,1,-
DA:164,0
BRDA:164,4,0,-
BRDA:164,4,1,-
DA:169,0
DA:170,0
DA:172,0
DA:178,0
FN:178,MonitoringSystem.unregisterContract
FNDA:0,MonitoringSystem.unregisterContract
DA:179,0
BRDA:179,5,0,-
BRDA:179,5,1,-
DA:181,0
DA:182,0
DA:184,0
DA:190,0
FN:190,MonitoringSystem.performHealthCheck
FNDA:0,MonitoringSystem.performHealthCheck
DA:191,0
DA:192,0
DA:194,0
DA:196,0
DA:202,0
FN:202,MonitoringSystem._checkHealthStatus
FNDA:0,MonitoringSystem._checkHealthStatus
DA:204,0
DA:206,0
DA:209,0
DA:215,0
FN:215,MonitoringSystem.getAlert
FNDA:0,MonitoringSystem.getAlert
DA:216,0
BRDA:216,6,0,-
BRDA:216,6,1,-
DA:217,0
DA:225,0
FN:225,MonitoringSystem.getActiveAlerts
FNDA:0,MonitoringSystem.getActiveAlerts
DA:231,0
DA:232,0
DA:233,0
BRDA:233,7,0,-
DA:234,0
DA:239,0
DA:240,0
DA:243,0
DA:244,0
BRDA:244,8,0,-
DA:245,0
DA:246,0
DA:250,0
DA:261,0
FN:261,MonitoringSystem.getSystemStats
FNDA:0,MonitoringSystem.getSystemStats
DA:272,0
DA:273,0
DA:274,0
BRDA:274,9,0,-
DA:275,0
DA:280,0
DA:283,0
DA:289,0
FN:289,MonitoringSystem.updateThresholds
FNDA:0,MonitoringSystem.updateThresholds
DA:294,0
DA:295,0
DA:296,0
FNF:13
FNH:0
LF:68
LH:0
BRF:17
BRH:0
end_of_record
TN:
SF:contracts/modules/analytics/StatsAggregator.sol
DA:51,0
FN:51,StatsAggregator.newWinner
FNDA:0,StatsAggregator.newWinner
DA:59,0
DA:60,0
DA:61,0
DA:64,0
DA:65,0
DA:68,0
DA:69,0
BRDA:69,0,0,-
DA:70,0
DA:71,0
DA:75,0
BRDA:75,1,0,-
DA:76,0
DA:80,0
DA:82,0
DA:96,0
FN:96,StatsAggregator.getWinnerCount
FNDA:0,StatsAggregator.getWinnerCount
DA:97,0
DA:103,0
FN:103,StatsAggregator.getTotalWinnings
FNDA:0,StatsAggregator.getTotalWinnings
DA:104,0
DA:110,0
FN:110,StatsAggregator.getGameWinner
FNDA:0,StatsAggregator.getGameWinner
DA:111,0
DA:117,0
FN:117,StatsAggregator.getPlayerStats
FNDA:0,StatsAggregator.getPlayerStats
DA:120,0
DA:134,0
FN:134,StatsAggregator.getTopPlayers
FNDA:0,StatsAggregator.getTopPlayers
DA:141,0
DA:142,0
DA:143,0
DA:146,0
DA:147,0
DA:150,0
DA:151,0
DA:152,0
DA:155,0
BRDA:155,2,0,-
DA:156,0
DA:157,0
DA:158,0
DA:162,0
DA:171,0
FN:171,StatsAggregator.getTopWinners
FNDA:0,StatsAggregator.getTopWinners
DA:175,0
DA:176,0
DA:179,0
DA:180,0
DA:182,0
DA:183,0
DA:184,0
BRDA:184,3,0,-
DA:185,0
DA:186,0
DA:190,0
DA:199,0
FN:199,StatsAggregator.getBatchWinnerStats
FNDA:0,StatsAggregator.getBatchWinnerStats
DA:210,0
DA:212,0
DA:213,0
DA:215,0
DA:216,0
DA:217,0
DA:220,0
DA:230,0
FN:230,StatsAggregator.getTopPlayerAnalysis
FNDA:0,StatsAggregator.getTopPlayerAnalysis
DA:241,0
DA:242,0
DA:244,0
DA:245,0
BRDA:245,4,0,-
DA:247,0
DA:248,0
DA:249,0
DA:253,0
FNF:9
FNH:0
LF:64
LH:0
BRF:5
BRH:0
end_of_record
TN:
SF:contracts/modules/lottery/AdToken.sol
DA:51,77
FN:51,AdToken.constructor
FNDA:77,AdToken.constructor
DA:52,77
DA:58,0
FN:58,AdToken.emergencyPause
FNDA:0,AdToken.emergencyPause
DA:59,0
DA:60,0
DA:66,0
FN:66,AdToken.emergencyResume
FNDA:0,AdToken.emergencyResume
DA:67,0
DA:68,0
DA:74,0
FN:74,AdToken.setMaxDailyReward
FNDA:0,AdToken.setMaxDailyReward
DA:75,0
BRDA:75,0,0,-
BRDA:75,0,1,-
DA:76,0
DA:77,0
DA:78,0
DA:85,0
FN:85,AdToken.watchAd
FNDA:0,AdToken.watchAd
DA:86,0
BRDA:86,1,0,-
BRDA:86,1,1,-
DA:87,0
BRDA:87,2,0,-
BRDA:87,2,1,-
DA:88,0
BRDA:88,3,0,-
BRDA:88,3,1,-
DA:89,0
BRDA:89,4,0,-
BRDA:89,4,1,-
DA:95,0
BRDA:95,5,0,-
BRDA:95,5,1,-
DA:101,0
DA:102,0
BRDA:102,6,0,-
BRDA:102,6,1,-
DA:108,0
DA:111,0
DA:112,0
DA:113,0
DA:114,0
DA:116,0
DA:122,0
FN:122,AdToken._resetDailyRewardIfNeeded
FNDA:0,AdToken._resetDailyRewardIfNeeded
DA:123,0
DA:124,0
DA:126,0
BRDA:126,7,0,-
DA:127,0
DA:128,0
DA:135,0
FN:135,AdToken.setAdReward
FNDA:0,AdToken.setAdReward
DA:136,0
BRDA:136,8,0,-
BRDA:136,8,1,-
DA:137,0
DA:138,0
DA:144,0
FN:144,AdToken.getUserStats
FNDA:0,AdToken.getUserStats
DA:158,0
DA:159,0
DA:161,0
DA:174,0
FN:174,AdToken.getContractStats
FNDA:0,AdToken.getContractStats
DA:185,0
DA:197,0
FN:197,AdToken.emergencyWithdraw
FNDA:0,AdToken.emergencyWithdraw
DA:198,0
BRDA:198,9,0,-
BRDA:198,9,1,-
DA:202,0
BRDA:202,10,0,-
BRDA:202,10,1,-
DA:203,0
BRDA:203,11,0,-
BRDA:203,11,1,-
DA:205,0
DA:206,0
BRDA:206,12,0,-
DA:207,0
DA:214,0
FN:214,AdToken.burnForLottery
FNDA:0,AdToken.burnForLottery
DA:215,0
BRDA:215,13,0,-
BRDA:215,13,1,-
DA:219,0
BRDA:219,14,0,-
BRDA:219,14,1,-
DA:220,0
BRDA:220,15,0,-
BRDA:220,15,1,-
DA:221,0
BRDA:221,16,0,-
BRDA:221,16,1,-
DA:222,0
BRDA:222,17,0,-
BRDA:222,17,1,-
DA:224,0
DA:230,0
FN:230,AdToken.isAuthorizedBurner
FNDA:0,AdToken.isAuthorizedBurner
DA:232,0
DA:238,0
FN:238,AdToken._beforeTokenTransfer
FNDA:0,AdToken._beforeTokenTransfer
DA:244,0
BRDA:244,18,0,-
BRDA:244,18,1,-
DA:245,0
BRDA:245,19,0,-
BRDA:245,19,1,-
FNF:13
FNH:1
LF:62
LH:2
BRF:38
BRH:0
end_of_record
TN:
SF:contracts/modules/lottery/BaseGame.sol
DA:199,0
FN:199,BaseGame._processReferralSystem
FNDA:0,BaseGame._processReferralSystem
DA:204,0
BRDA:204,0,0,-
DA:206,0
DA:209,0
BRDA:209,1,0,-
DA:212,0
BRDA:211,2,0,-
DA:242,126
FN:242,BaseGame.__BaseGame_init
FNDA:126,BaseGame.__BaseGame_init
DA:246,126
BRDA:246,3,0,-
BRDA:246,3,1,-
DA:248,126
BRDA:248,4,0,-
DA:249,0
DA:252,126
DA:253,0
DA:254,0
DA:257,126
DA:260,0
DA:266,126
FN:266,BaseGame._initializeGameStorage
FNDA:126,BaseGame._initializeGameStorage
DA:267,126
DA:268,126
BRDA:268,5,0,126
DA:269,126
DA:270,126
DA:271,126
DA:272,126
DA:275,126
DA:276,126
DA:277,126
DA:278,126
DA:279,126
DA:280,126
DA:281,126
DA:290,1512
FN:290,BaseGame.buyTicket
FNDA:1512,BaseGame.buyTicket
DA:294,1512
DA:295,1512
BRDA:295,6,0,-
BRDA:295,6,1,-
DA:296,23
BRDA:296,7,0,-
BRDA:296,7,1,-
DA:297,22
BRDA:297,8,0,-
BRDA:297,8,1,-
DA:303,20
DA:306,5
DA:311,20
BRDA:311,9,0,15
DA:312,0
DA:313,15
DA:318,20
DA:319,20
DA:320,0
BRDA:320,10,0,-
DA:321,0
DA:323,0
DA:324,0
DA:327,20
BRDA:327,11,0,-
BRDA:327,11,1,-
DA:333,20
DA:336,20
DA:339,20
DA:342,20
DA:343,32
DA:358,20
FN:358,BaseGame._updatePlayerInfoOptimized
FNDA:20,BaseGame._updatePlayerInfoOptimized
DA:362,20
DA:363,20
DA:366,20
DA:371,20
DA:372,20
BRDA:372,12,0,-
BRDA:372,12,1,-
DA:378,20
DA:383,20
DA:389,19
BRDA:389,13,0,19
DA:390,19
BRDA:390,14,0,-
BRDA:390,14,1,-
DA:394,19
BRDA:394,15,0,-
BRDA:394,15,1,-
DA:398,19
DA:399,19
DA:403,20
DA:409,26
FN:409,BaseGame._startNewGame
FNDA:26,BaseGame._startNewGame
DA:410,26
DA:411,26
DA:413,26
DA:414,26
DA:415,26
DA:416,26
DA:417,26
DA:419,26
DA:421,26
DA:428,26
DA:439,0
FN:439,BaseGame._resetPlayerTicketCounts
FNDA:0,BaseGame._resetPlayerTicketCounts
DA:440,0
DA:441,0
DA:442,0
DA:446,0
DA:447,0
DA:448,0
DA:449,0
DA:456,0
FN:456,BaseGame.checkAndEndGame
FNDA:0,BaseGame.checkAndEndGame
DA:457,0
DA:458,0
DA:461,0
DA:467,0
DA:468,0
DA:469,0
BRDA:469,16,0,-
DA:470,0
DA:477,262
FN:477,BaseGame.autoEndGame
FNDA:262,BaseGame.autoEndGame
DA:478,262
DA:479,262
DA:482,262
DA:488,262
DA:489,5
DA:490,0
BRDA:490,17,0,-
DA:491,0
DA:493,0
DA:500,3
FN:500,BaseGame._endCurrentGame
FNDA:3,BaseGame._endCurrentGame
DA:501,3
DA:502,3
DA:505,3
DA:510,3
DA:513,3
DA:516,1
DA:525,1
DA:533,3
DA:543,0
FN:543,BaseGame._pickWinner
FNDA:0,BaseGame._pickWinner
DA:544,0
DA:545,0
DA:548,0
DA:552,0
BRDA:552,18,0,-
DA:553,0
DA:557,0
DA:563,0
DA:570,1
FN:570,BaseGame.enhancedRandomNumberSecure
FNDA:1,BaseGame.enhancedRandomNumberSecure
DA:575,1
BRDA:575,19,0,-
BRDA:575,19,1,-
DA:576,1
BRDA:576,20,0,-
BRDA:576,20,1,-
DA:579,1
DA:594,1
DA:601,0
FN:601,BaseGame._recordPerformanceMetrics
FNDA:0,BaseGame._recordPerformanceMetrics
DA:607,0
DA:620,0
FN:620,BaseGame._recordSecurityEvent
FNDA:0,BaseGame._recordSecurityEvent
DA:624,0
DA:632,20
FN:632,BaseGame._transferToTreasury
FNDA:20,BaseGame._transferToTreasury
DA:633,20
BRDA:633,21,0,20
DA:635,20
BRDA:635,22,0,-
DA:636,0
DA:639,20
BRDA:639,23,0,20
DA:642,0
BRDA:642,24,0,-
DA:644,0
BRDA:643,25,0,-
DA:689,20
FN:689,BaseGame._processFeeDistribution
FNDA:20,BaseGame._processFeeDistribution
DA:694,20
DA:696,20
BRDA:696,26,0,20
DA:698,20
DA:701,20
DA:705,20
DA:709,20
DA:710,1
DA:711,1
DA:712,1
BRDA:712,27,0,1
DA:713,1
DA:717,20
BRDA:717,28,0,20
DA:718,20
DA:722,20
BRDA:722,29,0,20
DA:723,20
DA:727,20
DA:741,1
FN:741,BaseGame._processReferralReward
FNDA:1,BaseGame._processReferralReward
DA:746,1
BRDA:746,30,0,1
DA:748,1
BRDA:748,31,0,-
DA:749,0
DA:753,1
BRDA:753,32,0,1
DA:756,1
BRDA:756,33,0,1
DA:759,1
BRDA:758,34,0,1
DA:780,20
FN:780,BaseGame._processAdLotteryFee
FNDA:20,BaseGame._processAdLotteryFee
DA:781,20
BRDA:781,35,0,20
DA:785,20
DA:793,20
FN:793,BaseGame._processDeveloperFee
FNDA:20,BaseGame._processDeveloperFee
DA:795,20
BRDA:795,36,0,20
DA:797,20
BRDA:797,37,0,-
DA:798,0
DA:801,20
BRDA:801,38,0,20
DA:804,20
BRDA:804,39,0,20
DA:806,20
DA:809,20
BRDA:809,40,0,20
BRDA:809,40,1,-
DA:810,20
DA:817,0
DA:831,0
FN:831,BaseGame.changeTicketPrice
FNDA:0,BaseGame.changeTicketPrice
DA:832,0
BRDA:832,41,0,-
BRDA:832,41,1,-
DA:833,0
DA:834,0
DA:835,0
DA:836,0
DA:842,0
FN:842,BaseGame.changeMaxTicketsPerPlayer
FNDA:0,BaseGame.changeMaxTicketsPerPlayer
DA:843,0
BRDA:843,42,0,-
BRDA:843,42,1,-
DA:844,0
DA:845,0
DA:846,0
DA:847,0
DA:853,0
FN:853,BaseGame.changeGameDuration
FNDA:0,BaseGame.changeGameDuration
DA:854,0
BRDA:854,43,0,-
BRDA:854,43,1,-
DA:855,0
DA:856,0
DA:857,0
DA:858,0
DA:864,1
FN:864,BaseGame.emergencyPause
FNDA:1,BaseGame.emergencyPause
DA:865,1
BRDA:865,44,0,-
BRDA:865,44,1,-
DA:866,1
DA:867,1
DA:868,1
DA:874,1
FN:874,BaseGame.emergencyResume
FNDA:1,BaseGame.emergencyResume
DA:875,1
BRDA:875,45,0,-
BRDA:875,45,1,-
DA:876,1
DA:877,1
DA:878,1
DA:884,31
FN:884,BaseGame.getCurrentGameInfo
FNDA:31,BaseGame.getCurrentGameInfo
DA:896,31
DA:897,31
BRDA:897,46,0,26
BRDA:897,46,1,5
DA:898,26
DA:901,26
DA:910,5
DA:911,5
DA:925,39
FN:925,BaseGame.getGameConfig
FNDA:39,BaseGame.getGameConfig
DA:935,39
DA:936,39
DA:952,0
FN:952,BaseGame.getDetailedGameStats
FNDA:0,BaseGame.getDetailedGameStats
DA:964,0
DA:966,0
DA:967,0
DA:968,0
DA:971,0
DA:976,0
DA:977,0
DA:978,0
BRDA:978,47,0,-
DA:979,0
DA:982,0
DA:984,0
DA:1001,0
FN:1001,BaseGame.getPlayerAnalytics
FNDA:0,BaseGame.getPlayerAnalytics
DA:1014,0
DA:1015,0
DA:1018,0
DA:1021,0
DA:1025,0
DA:1042,0
FN:1042,BaseGame.getCompleteGameStatus
FNDA:0,BaseGame.getCompleteGameStatus
DA:1055,0
DA:1056,0
DA:1059,0
DA:1061,0
DA:1079,0
FN:1079,BaseGame.getContractHealth
FNDA:0,BaseGame.getContractHealth
DA:1091,0
DA:1092,0
DA:1104,0
FN:1104,BaseGame.getRemainingGameTime
FNDA:0,BaseGame.getRemainingGameTime
DA:1105,0
DA:1106,0
DA:1109,0
DA:1111,0
BRDA:1111,48,0,-
DA:1112,0
DA:1114,0
DA:1119,0
FN:1119,BaseGame._authorizeUpgrade
FNDA:0,BaseGame._authorizeUpgrade
DA:1125,0
FN:1125,BaseGame.fallback
FNDA:0,BaseGame.fallback
DA:1126,0
DA:1129,1
FN:1129,BaseGame.receive
FNDA:1,BaseGame.receive
DA:1130,1
DA:1151,126
FN:1151,BaseGame.setRegistry
FNDA:126,BaseGame.setRegistry
DA:1152,126
BRDA:1152,49,0,-
BRDA:1152,49,1,-
DA:1153,126
DA:1161,0
FN:1161,BaseGame.setTreasuryName
FNDA:0,BaseGame.setTreasuryName
DA:1162,0
BRDA:1162,50,0,-
BRDA:1162,50,1,-
DA:1163,0
FNF:36
FNH:19
LF:251
LH:143
BRF:70
BRH:20
end_of_record
TN:
SF:contracts/modules/lottery/Cryptolotto1Day.sol
DA:48,78
FN:48,Cryptolotto1Day.constructor
FNDA:78,Cryptolotto1Day.constructor
DA:49,0
DA:52,42
FN:52,Cryptolotto1Day.initialize
FNDA:42,Cryptolotto1Day.initialize
DA:60,42
BRDA:60,0,0,-
BRDA:60,0,1,-
DA:62,42
DA:64,42
DA:65,42
DA:66,42
DA:67,42
DA:75,0
FN:75,Cryptolotto1Day._buyTicketInternal
FNDA:0,Cryptolotto1Day._buyTicketInternal
DA:76,0
DA:77,0
BRDA:77,1,0,-
BRDA:77,1,1,-
DA:78,0
BRDA:78,2,0,-
BRDA:78,2,1,-
DA:79,0
BRDA:79,3,0,-
BRDA:79,3,1,-
DA:85,0
DA:86,0
DA:89,0
BRDA:89,4,0,-
DA:90,0
DA:91,0
DA:94,0
BRDA:94,5,0,-
BRDA:94,5,1,-
DA:100,0
BRDA:100,6,0,-
BRDA:100,6,1,-
DA:107,0
DA:110,0
DA:113,0
DA:114,0
DA:118,0
DA:119,0
DA:131,1
FN:131,Cryptolotto1Day._pickWinner
FNDA:1,Cryptolotto1Day._pickWinner
DA:132,1
DA:133,1
DA:136,1
DA:137,1
BRDA:137,7,0,-
BRDA:137,7,1,-
DA:139,1
DA:144,1
DA:150,0
FN:150,Cryptolotto1Day._processWinnerPayout
FNDA:0,Cryptolotto1Day._processWinnerPayout
DA:154,0
BRDA:154,8,0,-
DA:155,0
DA:156,0
DA:159,0
BRDA:159,9,0,-
DA:162,0
BRDA:162,10,0,-
BRDA:162,10,1,-
DA:163,0
DA:164,0
DA:165,0
DA:167,0
DA:169,0
BRDA:169,9,1,-
DA:170,0
DA:171,0
BRDA:171,9,2,-
DA:172,0
DA:179,0
FN:179,Cryptolotto1Day._processFounderDistribution
FNDA:0,Cryptolotto1Day._processFounderDistribution
DA:180,0
BRDA:180,11,0,-
DA:181,0
DA:186,0
DA:189,0
BRDA:189,12,0,-
DA:192,0
BRDA:192,13,0,-
DA:193,0
DA:198,0
DA:201,0
BRDA:201,14,0,-
DA:203,0
BRDA:203,14,1,-
DA:204,0
DA:209,0
BRDA:209,14,2,-
DA:210,0
DA:216,0
BRDA:216,12,1,-
DA:217,0
DA:218,0
BRDA:218,12,2,-
DA:219,0
DA:230,0
FN:230,Cryptolotto1Day._updateGameStats
FNDA:0,Cryptolotto1Day._updateGameStats
DA:236,0
BRDA:236,15,0,-
DA:237,0
DA:242,0
DA:245,0
BRDA:245,16,0,-
DA:248,0
BRDA:248,17,0,-
DA:249,0
DA:254,0
DA:257,0
DA:264,0
DA:267,0
BRDA:266,18,0,-
DA:277,0
BRDA:277,18,1,-
DA:278,0
DA:279,0
BRDA:279,18,2,-
DA:280,0
DA:282,0
BRDA:282,16,1,-
DA:283,0
DA:284,0
BRDA:284,16,2,-
DA:285,0
DA:297,0
FN:297,Cryptolotto1Day._recordPerformanceMetrics
FNDA:0,Cryptolotto1Day._recordPerformanceMetrics
DA:303,0
DA:316,0
FN:316,Cryptolotto1Day._recordSecurityEvent
FNDA:0,Cryptolotto1Day._recordSecurityEvent
DA:320,0
DA:327,0
FN:327,Cryptolotto1Day._endGame
FNDA:0,Cryptolotto1Day._endGame
DA:328,0
DA:329,0
DA:332,0
DA:335,0
DA:338,0
DA:341,0
DA:349,0
DA:357,0
FN:357,Cryptolotto1Day.isGameTimeExpired
FNDA:0,Cryptolotto1Day.isGameTimeExpired
DA:358,0
DA:359,0
DA:360,0
DA:361,0
DA:367,0
FN:367,Cryptolotto1Day.getGameInfo
FNDA:0,Cryptolotto1Day.getGameInfo
DA:380,0
DA:381,0
DA:382,0
DA:384,0
DA:398,0
FN:398,Cryptolotto1Day.getPlayerInfo
FNDA:0,Cryptolotto1Day.getPlayerInfo
DA:401,0
DA:402,0
DA:403,0
DA:405,0
DA:406,0
DA:407,0
DA:408,0
DA:409,0
BRDA:409,19,0,-
DA:410,0
DA:411,0
DA:415,0
DA:423,0
FN:423,Cryptolotto1Day.emergencyPause
FNDA:0,Cryptolotto1Day.emergencyPause
DA:424,0
DA:430,0
FN:430,Cryptolotto1Day.emergencyResume
FNDA:0,Cryptolotto1Day.emergencyResume
DA:431,0
DA:437,0
FN:437,Cryptolotto1Day.getContractBalance
FNDA:0,Cryptolotto1Day.getContractBalance
DA:438,0
DA:446,0
FN:446,Cryptolotto1Day.setTestMode
FNDA:0,Cryptolotto1Day.setTestMode
DA:447,0
DA:448,0
DA:459,0
FN:459,Cryptolotto1Day.setPurchaseCooldown
FNDA:0,Cryptolotto1Day.setPurchaseCooldown
DA:460,0
BRDA:460,20,0,-
BRDA:460,20,1,-
DA:462,0
DA:470,0
FN:470,Cryptolotto1Day.resetPlayerCooldown
FNDA:0,Cryptolotto1Day.resetPlayerCooldown
DA:471,0
BRDA:471,21,0,-
BRDA:471,21,1,-
DA:472,0
DA:473,0
FNF:19
FNH:3
LF:134
LH:15
BRF:42
BRH:0
end_of_record
TN:
SF:contracts/modules/lottery/Cryptolotto7Days.sol
DA:44,60
FN:44,Cryptolotto7Days.constructor
FNDA:60,Cryptolotto7Days.constructor
DA:45,0
DA:48,42
FN:48,Cryptolotto7Days.initialize
FNDA:42,Cryptolotto7Days.initialize
DA:56,42
BRDA:56,0,0,-
BRDA:56,0,1,-
DA:58,42
DA:60,42
DA:61,42
DA:62,42
DA:63,42
DA:71,0
FN:71,Cryptolotto7Days._buyTicketInternal
FNDA:0,Cryptolotto7Days._buyTicketInternal
DA:72,0
DA:73,0
BRDA:73,1,0,-
BRDA:73,1,1,-
DA:74,0
BRDA:74,2,0,-
BRDA:74,2,1,-
DA:75,0
BRDA:75,3,0,-
BRDA:75,3,1,-
DA:81,0
DA:82,0
DA:85,0
BRDA:85,4,0,-
DA:86,0
DA:87,0
DA:90,0
BRDA:90,5,0,-
BRDA:90,5,1,-
DA:96,0
BRDA:96,6,0,-
BRDA:96,6,1,-
DA:103,0
DA:106,0
DA:109,0
DA:110,0
DA:114,0
DA:115,0
DA:127,0
FN:127,Cryptolotto7Days._pickWinner
FNDA:0,Cryptolotto7Days._pickWinner
DA:128,0
DA:129,0
DA:132,0
DA:133,0
BRDA:133,7,0,-
BRDA:133,7,1,-
DA:135,0
DA:140,0
DA:147,0
FN:147,Cryptolotto7Days.enhancedRandomNumberSecure
FNDA:0,Cryptolotto7Days.enhancedRandomNumberSecure
DA:152,0
BRDA:152,8,0,-
BRDA:152,8,1,-
DA:153,0
BRDA:153,9,0,-
BRDA:153,9,1,-
DA:156,0
DA:170,0
DA:171,0
DA:172,0
DA:178,0
FN:178,Cryptolotto7Days._processWinnerPayout
FNDA:0,Cryptolotto7Days._processWinnerPayout
DA:182,0
BRDA:182,10,0,-
DA:183,0
DA:184,0
DA:187,0
BRDA:187,11,0,-
DA:190,0
BRDA:190,12,0,-
DA:191,0
DA:192,0
DA:196,0
BRDA:195,13,0,-
DA:202,0
DA:203,0
BRDA:203,13,1,-
DA:204,0
DA:210,0
BRDA:210,13,2,-
DA:211,0
DA:218,0
BRDA:218,11,1,-
DA:219,0
DA:224,0
BRDA:224,11,2,-
DA:225,0
DA:236,0
FN:236,Cryptolotto7Days._processFounderDistribution
FNDA:0,Cryptolotto7Days._processFounderDistribution
DA:237,0
BRDA:237,14,0,-
DA:238,0
DA:243,0
DA:246,0
BRDA:246,15,0,-
DA:249,0
BRDA:249,16,0,-
DA:250,0
DA:255,0
DA:258,0
BRDA:258,17,0,-
DA:260,0
BRDA:260,17,1,-
DA:261,0
DA:266,0
BRDA:266,17,2,-
DA:267,0
DA:273,0
BRDA:273,15,1,-
DA:274,0
DA:279,0
BRDA:279,15,2,-
DA:280,0
DA:291,0
FN:291,Cryptolotto7Days._updateGameStats
FNDA:0,Cryptolotto7Days._updateGameStats
DA:297,0
BRDA:297,18,0,-
DA:298,0
DA:303,0
DA:306,0
BRDA:306,19,0,-
DA:309,0
BRDA:309,20,0,-
DA:310,0
DA:315,0
DA:318,0
DA:325,0
DA:328,0
BRDA:327,21,0,-
DA:338,0
BRDA:338,21,1,-
DA:339,0
DA:340,0
BRDA:340,21,2,-
DA:341,0
DA:343,0
BRDA:343,19,1,-
DA:344,0
DA:349,0
BRDA:349,19,2,-
DA:350,0
DA:362,0
FN:362,Cryptolotto7Days._recordPerformanceMetrics
FNDA:0,Cryptolotto7Days._recordPerformanceMetrics
DA:368,0
DA:381,0
FN:381,Cryptolotto7Days._recordSecurityEvent
FNDA:0,Cryptolotto7Days._recordSecurityEvent
DA:385,0
DA:392,0
FN:392,Cryptolotto7Days._endGame
FNDA:0,Cryptolotto7Days._endGame
DA:393,0
DA:394,0
DA:397,0
DA:400,0
DA:403,0
DA:406,0
DA:414,0
DA:422,0
FN:422,Cryptolotto7Days.isGameTimeExpired
FNDA:0,Cryptolotto7Days.isGameTimeExpired
DA:423,0
DA:424,0
DA:425,0
DA:426,0
DA:432,0
FN:432,Cryptolotto7Days.getGameInfo
FNDA:0,Cryptolotto7Days.getGameInfo
DA:445,0
DA:446,0
DA:447,0
DA:449,0
DA:463,0
FN:463,Cryptolotto7Days.getPlayerInfo
FNDA:0,Cryptolotto7Days.getPlayerInfo
DA:466,0
DA:467,0
DA:468,0
DA:470,0
DA:471,0
DA:472,0
DA:473,0
DA:474,0
BRDA:474,22,0,-
DA:475,0
DA:476,0
DA:480,0
DA:488,0
FN:488,Cryptolotto7Days.emergencyPause
FNDA:0,Cryptolotto7Days.emergencyPause
DA:489,0
DA:495,0
FN:495,Cryptolotto7Days.emergencyResume
FNDA:0,Cryptolotto7Days.emergencyResume
DA:496,0
DA:502,0
FN:502,Cryptolotto7Days.getContractBalance
FNDA:0,Cryptolotto7Days.getContractBalance
DA:503,0
DA:511,0
FN:511,Cryptolotto7Days.setTestMode
FNDA:0,Cryptolotto7Days.setTestMode
DA:512,0
DA:513,0
DA:524,0
FN:524,Cryptolotto7Days.setPurchaseCooldown
FNDA:0,Cryptolotto7Days.setPurchaseCooldown
DA:525,0
BRDA:525,23,0,-
BRDA:525,23,1,-
DA:527,0
DA:535,0
FN:535,Cryptolotto7Days.resetPlayerCooldown
FNDA:0,Cryptolotto7Days.resetPlayerCooldown
DA:536,0
BRDA:536,24,0,-
BRDA:536,24,1,-
DA:537,0
DA:538,0
FNF:20
FNH:2
LF:145
LH:8
BRF:48
BRH:0
end_of_record
TN:
SF:contracts/modules/lottery/CryptolottoAd.sol
DA:94,78
FN:94,CryptolottoAd.constructor
FNDA:78,CryptolottoAd.constructor
DA:95,0
DA:105,42
FN:105,CryptolottoAd.initialize
FNDA:42,CryptolottoAd.initialize
DA:113,42
BRDA:113,0,0,-
BRDA:113,0,1,-
DA:114,42
BRDA:114,1,0,-
BRDA:114,1,1,-
DA:115,42
DA:116,42
DA:117,42
DA:118,42
DA:119,42
DA:139,284
FN:139,CryptolottoAd.buyAdTicket
FNDA:284,CryptolottoAd.buyAdTicket
DA:140,284
BRDA:140,2,0,-
BRDA:140,2,1,-
DA:141,284
BRDA:141,3,0,-
BRDA:141,3,1,-
DA:142,283
BRDA:142,4,0,-
BRDA:142,4,1,-
DA:143,283
BRDA:143,5,0,-
BRDA:143,5,1,-
DA:145,13
DA:146,13
BRDA:146,6,0,-
BRDA:146,6,1,-
DA:148,12
BRDA:148,7,0,-
DA:149,0
BRDA:149,8,0,-
BRDA:149,8,1,-
DA:155,12
DA:157,12
BRDA:157,9,0,12
BRDA:157,9,1,-
DA:162,12
DA:167,12
BRDA:167,10,0,-
BRDA:167,10,1,-
DA:169,12
DA:171,12
DA:173,12
DA:180,257
FN:180,CryptolottoAd.buyAdTicketBatch
FNDA:257,CryptolottoAd.buyAdTicketBatch
DA:183,257
BRDA:183,11,0,-
BRDA:183,11,1,-
DA:184,257
BRDA:184,12,0,-
BRDA:184,12,1,-
DA:185,257
BRDA:185,13,0,-
BRDA:185,13,1,-
DA:187,1
DA:188,1
BRDA:188,14,0,-
BRDA:188,14,1,-
DA:190,1
BRDA:190,15,0,-
DA:191,0
BRDA:191,16,0,-
BRDA:191,16,1,-
DA:197,1
DA:198,1
DA:200,1
DA:201,3
BRDA:201,17,0,-
BRDA:201,17,1,-
DA:202,3
BRDA:202,18,0,-
BRDA:202,18,1,-
DA:203,3
DA:204,3
DA:207,1
BRDA:207,19,0,1
BRDA:207,19,1,-
DA:212,1
DA:217,1
BRDA:217,20,0,-
BRDA:217,20,1,-
DA:219,1
DA:221,1
DA:223,1
DA:230,2
FN:230,CryptolottoAd.enhancedRandomNumber
FNDA:2,CryptolottoAd.enhancedRandomNumber
DA:235,2
BRDA:235,21,0,-
BRDA:235,21,1,-
DA:236,2
BRDA:236,22,0,-
BRDA:236,22,1,-
DA:238,2
DA:251,2
DA:252,2
DA:253,2
DA:260,12
FN:260,CryptolottoAd._buyAdTicketInternal
FNDA:12,CryptolottoAd._buyAdTicketInternal
DA:261,12
DA:262,12
BRDA:262,23,0,-
BRDA:262,23,1,-
DA:263,12
BRDA:263,24,0,-
BRDA:263,24,1,-
DA:265,12
DA:268,12
DA:270,12
BRDA:270,25,0,9
DA:271,0
DA:273,9
DA:274,9
DA:276,12
BRDA:276,26,0,-
BRDA:276,26,1,-
DA:281,12
DA:282,12
BRDA:282,27,0,-
BRDA:282,27,1,-
DA:287,12
DA:289,0
DA:291,12
DA:304,1
FN:304,CryptolottoAd._buyAdTicketBatchInternal
FNDA:1,CryptolottoAd._buyAdTicketBatchInternal
DA:305,1
DA:306,1
BRDA:306,28,0,-
BRDA:306,28,1,-
DA:308,1
DA:311,1
DA:313,1
BRDA:313,29,0,1
DA:314,0
DA:316,1
DA:317,1
DA:319,1
BRDA:319,30,0,-
BRDA:319,30,1,-
DA:324,1
DA:325,3
DA:326,3
BRDA:326,31,0,-
BRDA:326,31,1,-
DA:328,3
DA:331,3
BRDA:331,32,0,-
BRDA:331,32,1,-
DA:337,3
DA:339,1
DA:348,0
DA:355,15
FN:355,CryptolottoAd._updateAdPlayerInfo
FNDA:15,CryptolottoAd._updateAdPlayerInfo
DA:356,15
DA:357,15
DA:360,15
DA:364,15
DA:365,15
BRDA:365,33,0,-
BRDA:365,33,1,-
DA:370,15
DA:376,15
DA:381,13
BRDA:381,34,0,13
DA:382,13
BRDA:382,35,0,-
BRDA:382,35,1,-
DA:386,13
BRDA:386,36,0,-
BRDA:386,36,1,-
DA:390,13
DA:391,13
DA:399,2
FN:399,CryptolottoAd._pickWinner
FNDA:2,CryptolottoAd._pickWinner
DA:400,2
DA:401,2
DA:404,2
DA:405,2
BRDA:405,37,0,-
BRDA:405,37,1,-
DA:406,2
DA:411,2
DA:420,13
FN:420,CryptolottoAd._processAdLotteryFee
FNDA:13,CryptolottoAd._processAdLotteryFee
DA:424,13
DA:425,13
BRDA:425,38,0,13
DA:427,13
DA:428,13
DA:431,13
DA:433,13
BRDA:433,39,0,-
BRDA:433,39,1,-
DA:437,13
DA:444,0
FN:444,CryptolottoAd._processWinnerPayout
FNDA:0,CryptolottoAd._processWinnerPayout
DA:448,0
BRDA:448,40,0,-
DA:449,0
DA:450,0
DA:452,0
BRDA:452,41,0,-
DA:455,0
BRDA:455,42,0,-
DA:456,0
DA:457,0
DA:460,0
BRDA:459,43,0,-
DA:466,0
DA:467,0
BRDA:467,43,1,-
DA:468,0
DA:474,0
BRDA:474,43,2,-
DA:475,0
DA:482,0
BRDA:482,41,1,-
DA:483,0
DA:488,0
BRDA:488,41,2,-
DA:489,0
DA:503,0
FN:503,CryptolottoAd._processFounderDistribution
FNDA:0,CryptolottoAd._processFounderDistribution
DA:511,0
FN:511,CryptolottoAd._updateGameStats
FNDA:0,CryptolottoAd._updateGameStats
DA:517,0
BRDA:517,44,0,-
DA:518,0
DA:523,0
DA:525,0
BRDA:525,45,0,-
DA:528,0
BRDA:528,46,0,-
DA:529,0
DA:534,0
DA:536,0
DA:543,0
DA:546,0
BRDA:545,47,0,-
DA:556,0
BRDA:556,47,1,-
DA:557,0
DA:558,0
BRDA:558,47,2,-
DA:559,0
DA:561,0
BRDA:561,45,1,-
DA:562,0
DA:567,0
BRDA:567,45,2,-
DA:568,0
DA:581,0
FN:581,CryptolottoAd._recordPerformanceMetrics
FNDA:0,CryptolottoAd._recordPerformanceMetrics
DA:587,0
DA:600,42
FN:600,CryptolottoAd._recordSecurityEvent
FNDA:42,CryptolottoAd._recordSecurityEvent
DA:604,42
DA:611,12
FN:611,CryptolottoAd.getAdTokenBalance
FNDA:12,CryptolottoAd.getAdTokenBalance
DA:612,12
DA:624,1
FN:624,CryptolottoAd.withdrawAdTokens
FNDA:1,CryptolottoAd.withdrawAdTokens
DA:625,1
BRDA:625,48,0,-
BRDA:625,48,1,-
DA:626,1
BRDA:626,49,0,1
BRDA:626,49,1,-
DA:627,1
BRDA:627,50,0,1
BRDA:627,50,1,-
DA:632,1
DA:633,1
BRDA:633,51,0,-
BRDA:633,51,1,-
DA:635,1
DA:642,0
FN:642,CryptolottoAd.getAdTokenTotalSupply
FNDA:0,CryptolottoAd.getAdTokenTotalSupply
DA:643,0
DA:650,2
FN:650,CryptolottoAd.getAdTokenBurnedAmount
FNDA:2,CryptolottoAd.getAdTokenBurnedAmount
DA:651,2
DA:661,0
FN:661,CryptolottoAd.getAdLotteryStats
FNDA:0,CryptolottoAd.getAdLotteryStats
DA:671,0
DA:672,0
DA:673,0
DA:674,0
DA:692,0
FN:692,CryptolottoAd.getDetailedAdLotteryStats
FNDA:0,CryptolottoAd.getDetailedAdLotteryStats
DA:703,0
DA:704,0
DA:705,0
DA:706,0
DA:707,0
DA:708,0
DA:710,0
DA:714,0
DA:715,0
DA:716,0
BRDA:716,52,0,-
DA:717,0
DA:720,0
DA:721,0
DA:738,0
FN:738,CryptolottoAd.getPlayerAnalytics
FNDA:0,CryptolottoAd.getPlayerAnalytics
DA:751,0
DA:752,0
DA:754,0
DA:756,0
DA:759,0
DA:774,1
FN:774,CryptolottoAd.setAdLotteryFee
FNDA:1,CryptolottoAd.setAdLotteryFee
DA:775,1
BRDA:775,53,0,-
BRDA:775,53,1,-
DA:776,1
DA:777,1
DA:778,1
DA:791,3
FN:791,CryptolottoAd.getAdLotteryInfo
FNDA:3,CryptolottoAd.getAdLotteryInfo
DA:804,3
DA:805,3
DA:819,0
FN:819,CryptolottoAd.isGameTimeExpired
FNDA:0,CryptolottoAd.isGameTimeExpired
DA:820,0
DA:821,0
DA:822,0
DA:823,0
DA:829,0
FN:829,CryptolottoAd.getGameInfo
FNDA:0,CryptolottoAd.getGameInfo
DA:842,0
DA:843,0
DA:844,0
DA:845,0
DA:859,0
FN:859,CryptolottoAd.getPlayerInfo
FNDA:0,CryptolottoAd.getPlayerInfo
DA:862,0
DA:863,0
DA:864,0
DA:865,0
DA:866,0
DA:867,0
DA:868,0
DA:869,0
BRDA:869,54,0,-
DA:870,0
DA:871,0
DA:874,0
DA:885,0
FN:885,CryptolottoAd.getAdLotteryGameStatus
FNDA:0,CryptolottoAd.getAdLotteryGameStatus
DA:896,0
DA:897,0
DA:900,0
DA:901,0
DA:916,0
FN:916,CryptolottoAd.getAdLotteryFeeInfo
FNDA:0,CryptolottoAd.getAdLotteryFeeInfo
DA:921,0
DA:922,0
DA:923,0
DA:935,0
FN:935,CryptolottoAd.getAdLotteryGameHistory
FNDA:0,CryptolottoAd.getAdLotteryGameHistory
DA:948,0
DA:949,0
BRDA:949,55,0,-
BRDA:949,55,1,-
DA:950,0
DA:951,0
DA:964,0
FN:964,CryptolottoAd._endGame
FNDA:0,CryptolottoAd._endGame
DA:965,0
DA:966,0
DA:969,0
DA:971,0
DA:973,0
DA:975,0
DA:982,0
DA:989,1
FN:989,CryptolottoAd.emergencyPause
FNDA:1,CryptolottoAd.emergencyPause
DA:990,1
DA:996,1
FN:996,CryptolottoAd.emergencyResume
FNDA:1,CryptolottoAd.emergencyResume
DA:997,0
DA:1003,0
FN:1003,CryptolottoAd.getContractBalance
FNDA:0,CryptolottoAd.getContractBalance
DA:1004,0
DA:1012,42
FN:1012,CryptolottoAd.setTestMode
FNDA:42,CryptolottoAd.setTestMode
DA:1013,42
DA:1014,42
DA:1025,0
FN:1025,CryptolottoAd.setPurchaseCooldown
FNDA:0,CryptolottoAd.setPurchaseCooldown
DA:1026,0
BRDA:1026,56,0,-
BRDA:1026,56,1,-
DA:1027,0
DA:1029,0
DA:1037,0
FN:1037,CryptolottoAd.resetPlayerCooldown
FNDA:0,CryptolottoAd.resetPlayerCooldown
DA:1038,0
BRDA:1038,57,0,-
BRDA:1038,57,1,-
DA:1039,0
DA:1040,0
DA:1049,42
FN:1049,CryptolottoAd.setAdToken
FNDA:42,CryptolottoAd.setAdToken
DA:1050,42
BRDA:1050,58,0,-
BRDA:1050,58,1,-
DA:1051,42
BRDA:1051,59,0,-
BRDA:1051,59,1,-
DA:1054,42
DA:1056,0
DA:1058,42
BRDA:1058,60,0,-
BRDA:1058,60,1,-
DA:1060,42
FNF:38
FNH:20
LF:272
LH:142
BRF:114
BRH:8
end_of_record
TN:
SF:contracts/modules/lottery/SimpleOwnable.sol
DA:46,0
FN:46,SimpleOwnable.whenNotEmergencyPaused
FNDA:0,SimpleOwnable.whenNotEmergencyPaused
DA:47,0
BRDA:47,0,0,-
BRDA:47,0,1,-
DA:54,0
FN:54,SimpleOwnable.onlyAuthorized
FNDA:0,SimpleOwnable.onlyAuthorized
DA:55,0
BRDA:55,1,0,-
BRDA:55,1,1,-
DA:64,42
FN:64,SimpleOwnable.constructor
FNDA:42,SimpleOwnable.constructor
DA:65,42
DA:73,0
FN:73,SimpleOwnable.isAllowed
FNDA:0,SimpleOwnable.isAllowed
DA:74,0
DA:80,0
FN:80,SimpleOwnable.addOperator
FNDA:0,SimpleOwnable.addOperator
DA:81,0
BRDA:81,2,0,-
BRDA:81,2,1,-
DA:82,0
BRDA:82,3,0,-
BRDA:82,3,1,-
DA:83,0
BRDA:83,4,0,-
BRDA:83,4,1,-
DA:85,0
DA:86,0
DA:87,0
DA:93,0
FN:93,SimpleOwnable.removeOperator
FNDA:0,SimpleOwnable.removeOperator
DA:94,0
BRDA:94,5,0,-
BRDA:94,5,1,-
DA:96,0
DA:97,0
DA:98,0
DA:104,0
FN:104,SimpleOwnable.emergencyPause
FNDA:0,SimpleOwnable.emergencyPause
DA:105,0
DA:106,0
DA:107,0
DA:113,0
FN:113,SimpleOwnable.emergencyResume
FNDA:0,SimpleOwnable.emergencyResume
DA:114,0
DA:115,0
DA:116,0
DA:122,0
FN:122,SimpleOwnable.transferOwnership
FNDA:0,SimpleOwnable.transferOwnership
DA:125,0
BRDA:125,6,0,-
BRDA:125,6,1,-
DA:126,0
BRDA:126,7,0,-
BRDA:126,7,1,-
DA:128,0
DA:129,0
DA:130,0
DA:133,0
BRDA:133,8,0,-
DA:134,0
DA:135,0
DA:144,0
FN:144,SimpleOwnable._recordActivity
FNDA:0,SimpleOwnable._recordActivity
DA:148,0
DA:149,0
DA:155,0
FN:155,SimpleOwnable.getContractStatus
FNDA:0,SimpleOwnable.getContractStatus
DA:165,0
DA:168,0
DA:174,0
FN:174,SimpleOwnable.getOperators
FNDA:0,SimpleOwnable.getOperators
DA:180,0
DA:181,0
DA:187,0
FN:187,SimpleOwnable.checkPermissions
FNDA:0,SimpleOwnable.checkPermissions
DA:199,0
DA:200,0
DA:201,0
DA:202,0
FNF:13
FNH:1
LF:51
LH:2
BRF:17
BRH:0
end_of_record
TN:
SF:contracts/modules/treasury/ConfigManager.sol
DA:42,0
FN:42,ConfigManager.constructor
FNDA:0,ConfigManager.constructor
DA:43,0
DA:46,0
FN:46,ConfigManager.initialize
FNDA:0,ConfigManager.initialize
DA:47,0
DA:48,0
DA:54,0
FN:54,ConfigManager._initializeDefaultConfigs
FNDA:0,ConfigManager._initializeDefaultConfigs
DA:56,0
DA:65,0
DA:74,0
DA:75,0
DA:76,0
DA:77,0
DA:83,0
FN:83,ConfigManager.updateGameConfig
FNDA:0,ConfigManager.updateGameConfig
DA:90,0
BRDA:90,0,0,-
BRDA:90,0,1,-
DA:94,0
BRDA:94,1,0,-
BRDA:94,1,1,-
DA:98,0
BRDA:98,2,0,-
BRDA:98,2,1,-
DA:102,0
BRDA:102,3,0,-
BRDA:102,3,1,-
DA:106,0
BRDA:106,4,0,-
BRDA:106,4,1,-
DA:107,0
BRDA:107,5,0,-
BRDA:107,5,1,-
DA:109,0
DA:117,0
DA:129,0
FN:129,ConfigManager.setGameActive
FNDA:0,ConfigManager.setGameActive
DA:130,0
DA:136,0
FN:136,ConfigManager.updateSystemParam
FNDA:0,ConfigManager.updateSystemParam
DA:140,0
DA:141,0
DA:142,0
DA:148,0
FN:148,ConfigManager.updateContractAddress
FNDA:0,ConfigManager.updateContractAddress
DA:152,0
BRDA:152,6,0,-
BRDA:152,6,1,-
DA:153,0
DA:154,0
DA:155,0
DA:161,0
FN:161,ConfigManager.getGameConfig
FNDA:0,ConfigManager.getGameConfig
DA:164,0
DA:170,0
FN:170,ConfigManager.getSystemParam
FNDA:0,ConfigManager.getSystemParam
DA:171,0
DA:177,0
FN:177,ConfigManager.getContractAddress
FNDA:0,ConfigManager.getContractAddress
DA:180,0
FNF:10
FNH:0
LF:38
LH:0
BRF:14
BRH:0
end_of_record
TN:
SF:contracts/modules/treasury/CryptolottoReferral.sol
DA:79,59
FN:79,CryptolottoReferral.constructor
FNDA:59,CryptolottoReferral.constructor
DA:80,59
DA:86,0
FN:86,CryptolottoReferral.onlyOwner
FNDA:0,CryptolottoReferral.onlyOwner
DA:87,0
BRDA:87,0,0,-
BRDA:87,0,1,-
DA:95,0
FN:95,CryptolottoReferral.changeOwner
FNDA:0,CryptolottoReferral.changeOwner
DA:96,0
BRDA:96,1,0,-
BRDA:96,1,1,-
DA:97,0
DA:98,0
DA:99,0
DA:106,0
FN:106,CryptolottoReferral.setReferralRewardPercent
FNDA:0,CryptolottoReferral.setReferralRewardPercent
DA:107,0
BRDA:107,2,0,-
BRDA:107,2,1,-
DA:108,0
DA:109,0
DA:110,0
DA:123,1
FN:123,CryptolottoReferral.processReferralReward
FNDA:1,CryptolottoReferral.processReferralReward
DA:128,1
BRDA:128,3,0,-
BRDA:128,3,1,-
DA:129,1
BRDA:129,4,0,-
BRDA:129,4,1,-
DA:130,1
BRDA:130,5,0,-
BRDA:130,5,1,-
DA:133,1
DA:136,0
BRDA:136,6,0,-
DA:138,0
DA:139,0
BRDA:139,7,0,-
BRDA:139,7,1,-
DA:142,0
DA:143,0
DA:144,0
DA:145,0
DA:148,0
DA:154,0
DA:162,0
DA:172,0
FN:172,CryptolottoReferral.getReferralStats
FNDA:0,CryptolottoReferral.getReferralStats
DA:183,0
DA:184,0
DA:191,0
FN:191,CryptolottoReferral.getReferralRewardPercent
FNDA:0,CryptolottoReferral.getReferralRewardPercent
DA:192,0
DA:198,0
FN:198,CryptolottoReferral.withdrawContractBalance
FNDA:0,CryptolottoReferral.withdrawContractBalance
DA:199,0
DA:200,0
BRDA:200,8,0,-
BRDA:200,8,1,-
DA:202,0
DA:203,0
BRDA:203,9,0,-
BRDA:203,9,1,-
DA:210,0
FN:210,CryptolottoReferral.getContractBalance
FNDA:0,CryptolottoReferral.getContractBalance
DA:211,0
FNF:9
FNH:2
LF:41
LH:7
BRF:19
BRH:0
end_of_record
TN:
SF:contracts/modules/treasury/EmergencyManager.sol
DA:26,0
FN:26,EmergencyManager.constructor
FNDA:0,EmergencyManager.constructor
DA:27,0
DA:30,0
FN:30,EmergencyManager.initialize
FNDA:0,EmergencyManager.initialize
DA:31,0
DA:32,0
DA:38,0
FN:38,EmergencyManager.emergencyPause
FNDA:0,EmergencyManager.emergencyPause
DA:39,0
DA:40,0
DA:46,0
FN:46,EmergencyManager.emergencyResume
FNDA:0,EmergencyManager.emergencyResume
DA:47,0
DA:48,0
DA:54,0
FN:54,EmergencyManager.registerContract
FNDA:0,EmergencyManager.registerContract
DA:55,0
BRDA:55,0,0,-
BRDA:55,0,1,-
DA:56,0
BRDA:56,1,0,-
BRDA:56,1,1,-
DA:61,0
DA:62,0
DA:64,0
DA:70,0
FN:70,EmergencyManager.unregisterContract
FNDA:0,EmergencyManager.unregisterContract
DA:71,0
BRDA:71,2,0,-
BRDA:71,2,1,-
DA:76,0
DA:78,0
DA:84,0
FN:84,EmergencyManager.isEmergencyPaused
FNDA:0,EmergencyManager.isEmergencyPaused
DA:85,0
DA:91,0
FN:91,EmergencyManager.getAllContracts
FNDA:0,EmergencyManager.getAllContracts
DA:92,0
DA:98,0
FN:98,EmergencyManager.whenNotEmergencyPaused
FNDA:0,EmergencyManager.whenNotEmergencyPaused
DA:99,0
BRDA:99,3,0,-
BRDA:99,3,1,-
FNF:9
FNH:0
LF:27
LH:0
BRF:8
BRH:0
end_of_record
TN:
SF:contracts/modules/treasury/FundsDistributor.sol
DA:41,0
FN:41,FundsDistributor.nonReentrant
FNDA:0,FundsDistributor.nonReentrant
DA:42,0
BRDA:42,0,0,-
BRDA:42,0,1,-
DA:43,0
DA:45,0
DA:51,42
FN:51,FundsDistributor.constructor
FNDA:42,FundsDistributor.constructor
DA:52,42
DA:58,0
FN:58,FundsDistributor.onlyOwner
FNDA:0,FundsDistributor.onlyOwner
DA:59,0
BRDA:59,1,0,-
BRDA:59,1,1,-
DA:66,0
FN:66,FundsDistributor.whenNotPaused
FNDA:0,FundsDistributor.whenNotPaused
DA:67,0
BRDA:67,2,0,-
BRDA:67,2,1,-
DA:74,0
FN:74,FundsDistributor.fallback
FNDA:0,FundsDistributor.fallback
DA:75,0
BRDA:75,3,0,-
DA:76,0
DA:83,20
FN:83,FundsDistributor.receive
FNDA:20,FundsDistributor.receive
DA:84,20
BRDA:84,4,0,20
DA:85,20
DA:92,0
FN:92,FundsDistributor.withdrawFunds
FNDA:0,FundsDistributor.withdrawFunds
DA:93,0
DA:94,0
BRDA:94,5,0,-
BRDA:94,5,1,-
DA:96,0
DA:97,0
BRDA:97,6,0,-
BRDA:97,6,1,-
DA:99,0
DA:105,0
FN:105,FundsDistributor.withdrawAmount
FNDA:0,FundsDistributor.withdrawAmount
DA:108,0
BRDA:108,7,0,-
BRDA:108,7,1,-
DA:109,0
BRDA:109,8,0,-
BRDA:109,8,1,-
DA:111,0
DA:112,0
BRDA:112,9,0,-
BRDA:112,9,1,-
DA:114,0
DA:120,0
FN:120,FundsDistributor.changeOwner
FNDA:0,FundsDistributor.changeOwner
DA:121,0
BRDA:121,10,0,-
BRDA:121,10,1,-
DA:122,0
BRDA:122,11,0,-
BRDA:122,11,1,-
DA:124,0
DA:125,0
DA:127,0
DA:133,0
FN:133,FundsDistributor.getBalance
FNDA:0,FundsDistributor.getBalance
DA:134,0
DA:140,0
FN:140,FundsDistributor.pause
FNDA:0,FundsDistributor.pause
DA:141,0
DA:142,0
DA:148,0
FN:148,FundsDistributor.unpause
FNDA:0,FundsDistributor.unpause
DA:149,0
DA:150,0
FNF:12
FNH:2
LF:42
LH:5
BRF:22
BRH:1
end_of_record
TN:
SF:contracts/modules/treasury/SystemManager.sol
DA:80,0
FN:80,SystemManager.constructor
FNDA:0,SystemManager.constructor
DA:81,0
DA:84,0
FN:84,SystemManager.initialize
FNDA:0,SystemManager.initialize
DA:96,0
DA:98,0
BRDA:98,0,0,-
BRDA:98,0,1,-
DA:102,0
BRDA:102,1,0,-
BRDA:102,1,1,-
DA:103,0
BRDA:103,2,0,-
BRDA:103,2,1,-
DA:104,0
BRDA:104,3,0,-
BRDA:104,3,1,-
DA:108,0
BRDA:108,4,0,-
BRDA:108,4,1,-
DA:109,0
BRDA:109,5,0,-
BRDA:109,5,1,-
DA:113,0
BRDA:113,6,0,-
BRDA:113,6,1,-
DA:114,0
BRDA:114,7,0,-
BRDA:114,7,1,-
DA:118,0
BRDA:118,8,0,-
BRDA:118,8,1,-
DA:123,0
DA:124,0
DA:125,0
DA:126,0
DA:127,0
DA:128,0
DA:129,0
DA:130,0
DA:131,0
DA:133,0
DA:134,0
DA:136,0
DA:153,0
FN:153,SystemManager.activateSystem
FNDA:0,SystemManager.activateSystem
DA:154,0
DA:155,0
DA:161,0
FN:161,SystemManager.deactivateSystem
FNDA:0,SystemManager.deactivateSystem
DA:162,0
DA:163,0
DA:169,0
FN:169,SystemManager.performSystemCheck
FNDA:0,SystemManager.performSystemCheck
DA:170,0
DA:173,0
BRDA:173,9,0,-
DA:174,0
BRDA:174,10,0,-
DA:175,0
DA:177,0
BRDA:177,9,1,-
DA:178,0
DA:182,0
BRDA:182,11,0,-
DA:184,0
BRDA:184,11,1,-
DA:185,0
DA:189,0
BRDA:189,12,0,-
DA:192,0
BRDA:192,13,0,-
DA:193,0
DA:195,0
BRDA:195,12,1,-
DA:196,0
DA:200,0
BRDA:200,14,0,-
DA:208,0
BRDA:208,14,1,-
DA:209,0
DA:213,0
BRDA:213,15,0,-
DA:228,0
BRDA:228,15,1,-
DA:229,0
DA:233,0
BRDA:233,16,0,-
DA:242,0
BRDA:242,16,1,-
DA:243,0
DA:246,0
DA:247,0
DA:249,0
DA:255,0
FN:255,SystemManager.emergencyPause
FNDA:0,SystemManager.emergencyPause
DA:256,0
DA:262,0
FN:262,SystemManager.emergencyResume
FNDA:0,SystemManager.emergencyResume
DA:263,0
DA:269,0
FN:269,SystemManager.updateGameConfig
FNDA:0,SystemManager.updateGameConfig
DA:276,0
DA:288,0
FN:288,SystemManager.blacklistAddress
FNDA:0,SystemManager.blacklistAddress
DA:289,0
DA:292,0
FN:292,SystemManager.whitelistAddress
FNDA:0,SystemManager.whitelistAddress
DA:293,0
DA:296,0
FN:296,SystemManager.updateRateLimits
FNDA:0,SystemManager.updateRateLimits
DA:300,0
DA:306,0
FN:306,SystemManager.setUserRateLimit
FNDA:0,SystemManager.setUserRateLimit
DA:311,0
DA:314,0
FN:314,SystemManager.setFunctionRateLimit
FNDA:0,SystemManager.setFunctionRateLimit
DA:319,0
DA:322,0
FN:322,SystemManager.createCircuit
FNDA:0,SystemManager.createCircuit
DA:327,0
DA:330,0
FN:330,SystemManager.recordCircuitFailure
FNDA:0,SystemManager.recordCircuitFailure
DA:333,0
DA:334,0
DA:337,0
FN:337,SystemManager.recordCircuitSuccess
FNDA:0,SystemManager.recordCircuitSuccess
DA:340,0
DA:346,0
FN:346,SystemManager.updateSystemMetrics
FNDA:0,SystemManager.updateSystemMetrics
DA:351,0
DA:354,0
FN:354,SystemManager.createAlert
FNDA:0,SystemManager.createAlert
DA:358,0
DA:361,0
FN:361,SystemManager.resolveAlert
FNDA:0,SystemManager.resolveAlert
DA:362,0
DA:368,0
FN:368,SystemManager.logEvent
FNDA:0,SystemManager.logEvent
DA:374,0
DA:377,0
FN:377,SystemManager.toggleLogging
FNDA:0,SystemManager.toggleLogging
DA:378,0
DA:384,0
FN:384,SystemManager.updateUserAnalytics
FNDA:0,SystemManager.updateUserAnalytics
DA:392,0
DA:400,0
DA:403,0
FN:403,SystemManager.updateGameAnalytics
FNDA:0,SystemManager.updateGameAnalytics
DA:411,0
DA:421,0
FN:421,SystemManager.updateSystemAnalytics
FNDA:0,SystemManager.updateSystemAnalytics
DA:429,0
DA:442,0
FN:442,SystemManager.getSystemStats
FNDA:0,SystemManager.getSystemStats
DA:457,0
DA:458,0
DA:459,0
DA:460,0
DA:461,0
DA:463,0
BRDA:463,17,0,-
DA:470,0
BRDA:470,17,1,-
DA:471,0
DA:474,0
BRDA:474,18,0,-
DA:481,0
BRDA:481,18,1,-
DA:482,0
DA:485,0
BRDA:485,19,0,-
DA:493,0
BRDA:493,19,1,-
DA:494,0
DA:497,0
BRDA:497,20,0,-
DA:512,0
BRDA:512,20,1,-
DA:513,0
DA:516,0
BRDA:516,21,0,-
DA:525,0
BRDA:525,21,1,-
DA:526,0
DA:529,0
DA:545,0
FN:545,SystemManager.triggerSecurityAlert
FNDA:0,SystemManager.triggerSecurityAlert
DA:549,0
DA:550,0
DA:556,0
FN:556,SystemManager.whenSystemActive
FNDA:0,SystemManager.whenSystemActive
DA:557,0
BRDA:557,22,0,-
BRDA:557,22,1,-
DA:564,0
FN:564,SystemManager.whenNotEmergencyPaused
FNDA:0,SystemManager.whenNotEmergencyPaused
DA:565,0
BRDA:565,23,0,-
BRDA:565,23,1,-
DA:575,0
FN:575,SystemManager.whenNotBlacklisted
FNDA:0,SystemManager.whenNotBlacklisted
DA:576,0
BRDA:576,24,0,-
BRDA:576,24,1,-
DA:583,0
FN:583,SystemManager.rateLimited
FNDA:0,SystemManager.rateLimited
DA:584,0
BRDA:584,25,0,-
BRDA:584,25,1,-
DA:594,0
FN:594,SystemManager.circuitBreakerCheck
FNDA:0,SystemManager.circuitBreakerCheck
DA:595,0
BRDA:595,26,0,-
BRDA:595,26,1,-
FNF:31
FNH:0
LF:133
LH:0
BRF:52
BRH:0
end_of_record
TN:
SF:contracts/modules/treasury/TreasuryManager.sol
DA:49,23
FN:49,TreasuryManager.onlyTreasuryEnabled
FNDA:23,TreasuryManager.onlyTreasuryEnabled
DA:50,23
BRDA:50,0,0,-
BRDA:50,0,1,-
DA:54,23
FN:54,TreasuryManager.onlyValidTreasuryName
FNDA:23,TreasuryManager.onlyValidTreasuryName
DA:55,23
BRDA:55,1,0,-
BRDA:55,1,1,-
DA:59,23
BRDA:59,2,0,-
BRDA:59,2,1,-
DA:63,23
FN:63,TreasuryManager.onlyValidAmount
FNDA:23,TreasuryManager.onlyValidAmount
DA:64,23
BRDA:64,3,0,-
BRDA:64,3,1,-
DA:65,23
BRDA:65,4,0,-
BRDA:65,4,1,-
DA:69,23
FN:69,TreasuryManager.onlyValidUser
FNDA:23,TreasuryManager.onlyValidUser
DA:70,23
BRDA:70,5,0,-
BRDA:70,5,1,-
DA:74,23
FN:74,TreasuryManager.onlyActiveTreasury
FNDA:23,TreasuryManager.onlyActiveTreasury
DA:75,23
BRDA:75,6,0,-
BRDA:75,6,1,-
DA:143,59
FN:143,TreasuryManager.constructor
FNDA:59,TreasuryManager.constructor
DA:144,59
DA:150,169
FN:150,TreasuryManager.createTreasury
FNDA:169,TreasuryManager.createTreasury
DA:154,169
BRDA:154,7,0,-
BRDA:154,7,1,-
DA:158,169
BRDA:158,8,0,-
BRDA:158,8,1,-
DA:163,169
DA:172,169
DA:178,23
FN:178,TreasuryManager.depositFunds
FNDA:23,TreasuryManager.depositFunds
DA:192,23
DA:193,23
DA:194,23
DA:196,23
DA:197,23
DA:198,23
DA:200,23
DA:201,23
DA:203,23
DA:204,23
DA:215,1
FN:215,TreasuryManager.withdrawFunds
FNDA:1,TreasuryManager.withdrawFunds
DA:229,1
BRDA:229,9,0,-
BRDA:229,9,1,-
DA:233,1
BRDA:233,10,0,-
BRDA:233,10,1,-
DA:238,1
DA:239,1
BRDA:239,11,0,-
BRDA:239,11,1,-
DA:244,1
DA:245,1
DA:246,1
DA:248,1
DA:249,1
DA:250,1
DA:253,1
DA:255,1
BRDA:255,12,0,-
DA:256,0
DA:257,0
DA:258,0
DA:261,1
DA:262,1
DA:264,1
DA:265,1
DA:271,1
BRDA:271,13,0,-
DA:272,0
DA:284,0
FN:284,TreasuryManager.setReserve
FNDA:0,TreasuryManager.setReserve
DA:288,0
BRDA:288,14,0,-
BRDA:288,14,1,-
DA:289,0
BRDA:289,15,0,-
BRDA:289,15,1,-
DA:294,0
DA:295,0
DA:297,0
DA:298,0
DA:299,0
DA:301,0
DA:312,0
FN:312,TreasuryManager.updateMinReserveRatio
FNDA:0,TreasuryManager.updateMinReserveRatio
DA:313,0
BRDA:313,16,0,-
BRDA:313,16,1,-
DA:314,0
DA:315,0
DA:316,0
DA:322,0
FN:322,TreasuryManager.updateMaxWithdrawalAmount
FNDA:0,TreasuryManager.updateMaxWithdrawalAmount
DA:323,0
DA:324,0
DA:325,0
DA:336,0
FN:336,TreasuryManager.emergencyWithdraw
FNDA:0,TreasuryManager.emergencyWithdraw
DA:341,0
BRDA:341,17,0,-
BRDA:341,17,1,-
DA:342,0
BRDA:342,18,0,-
BRDA:342,18,1,-
DA:347,0
DA:348,0
DA:349,0
DA:351,0
DA:357,0
DA:368,0
FN:368,TreasuryManager.checkTreasuryBalance
FNDA:0,TreasuryManager.checkTreasuryBalance
DA:369,0
DA:370,0
DA:372,0
DA:380,0
FN:380,TreasuryManager.toggleTreasury
FNDA:0,TreasuryManager.toggleTreasury
DA:381,0
DA:387,0
FN:387,TreasuryManager.toggleTreasurySystem
FNDA:0,TreasuryManager.toggleTreasurySystem
DA:388,0
DA:389,0
DA:395,0
FN:395,TreasuryManager.getTreasuryInfo
FNDA:0,TreasuryManager.getTreasuryInfo
DA:408,0
DA:409,0
DA:421,0
FN:421,TreasuryManager.getUserBalance
FNDA:0,TreasuryManager.getUserBalance
DA:422,0
DA:428,0
FN:428,TreasuryManager.getUserTreasuryBalance
FNDA:0,TreasuryManager.getUserTreasuryBalance
DA:432,0
DA:438,126
FN:438,TreasuryManager.addAuthorizedContract
FNDA:126,TreasuryManager.addAuthorizedContract
DA:439,126
BRDA:439,20,0,-
BRDA:439,20,1,-
DA:440,126
DA:446,0
FN:446,TreasuryManager.removeAuthorizedContract
FNDA:0,TreasuryManager.removeAuthorizedContract
DA:449,0
DA:455,23
FN:455,TreasuryManager.onlyOwnerOrAuthorized
FNDA:23,TreasuryManager.onlyOwnerOrAuthorized
DA:456,23
BRDA:456,21,0,1
BRDA:456,21,1,-
FNF:22
FNH:11
LF:101
LH:53
BRF:40
BRH:1
end_of_record
TN:
SF:contracts/shared/storage/StorageAccess.sol
DA:26,2208
FN:26,StorageAccess.getGameStorage
FNDA:2208,StorageAccess.getGameStorage
DA:31,2208
DA:33,0
DA:40,0
FN:40,StorageAccess.getTreasuryStorage
FNDA:0,StorageAccess.getTreasuryStorage
DA:45,0
DA:47,0
DA:54,0
FN:54,StorageAccess.getAnalyticsStorage
FNDA:0,StorageAccess.getAnalyticsStorage
DA:59,0
DA:61,0
DA:68,0
FN:68,StorageAccess.getReferralStorage
FNDA:0,StorageAccess.getReferralStorage
DA:73,0
DA:75,0
DA:82,0
FN:82,StorageAccess.getSecurityStorage
FNDA:0,StorageAccess.getSecurityStorage
DA:87,0
DA:89,0
DA:96,0
FN:96,StorageAccess.getConfigStorage
FNDA:0,StorageAccess.getConfigStorage
DA:101,0
DA:103,0
DA:112,0
FN:112,StorageAccess.isStorageInitialized
FNDA:0,StorageAccess.isStorageInitialized
DA:113,0
DA:114,0
DA:120,0
FN:120,StorageAccess.getStorageVersion
FNDA:0,StorageAccess.getStorageVersion
DA:121,0
FNF:8
FNH:1
LF:23
LH:2
BRF:0
BRH:0
end_of_record
TN:
SF:contracts/shared/storage/StorageManager.sol
DA:38,0
FN:38,StorageManager.constructor
FNDA:0,StorageManager.constructor
DA:39,0
DA:40,0
DA:48,0
FN:48,StorageManager.initializeStorage
FNDA:0,StorageManager.initializeStorage
DA:49,0
BRDA:49,0,0,-
BRDA:49,0,1,-
DA:51,0
DA:52,0
DA:53,0
DA:54,0
DA:55,0
DA:57,0
DA:63,0
FN:63,StorageManager.migrateStorage
FNDA:0,StorageManager.migrateStorage
DA:64,0
BRDA:64,1,0,-
BRDA:64,1,1,-
DA:65,0
BRDA:65,2,0,-
BRDA:65,2,1,-
DA:67,0
DA:68,0
DA:70,0
DA:78,0
FN:78,StorageManager.grantAccess
FNDA:0,StorageManager.grantAccess
DA:82,0
DA:83,0
DA:89,0
FN:89,StorageManager.revokeAccess
FNDA:0,StorageManager.revokeAccess
DA:90,0
DA:91,0
DA:97,0
FN:97,StorageManager.hasPermission
FNDA:0,StorageManager.hasPermission
DA:101,0
DA:103,0
DA:104,0
DA:106,0
DA:107,0
BRDA:107,4,0,-
DA:108,0
DA:111,0
DA:119,0
FN:119,StorageManager.optimizeGameStorage
FNDA:0,StorageManager.optimizeGameStorage
DA:120,0
BRDA:120,5,0,-
BRDA:120,5,1,-
DA:122,0
DA:123,0
DA:126,0
DA:128,0
DA:134,0
FN:134,StorageManager.optimizeUserStorage
FNDA:0,StorageManager.optimizeUserStorage
DA:135,0
BRDA:135,6,0,-
BRDA:135,6,1,-
DA:137,0
DA:138,0
DA:139,0
DA:143,0
BRDA:143,7,0,-
DA:144,0
DA:147,0
DA:155,0
FN:155,StorageManager.getGameStats
FNDA:0,StorageManager.getGameStats
DA:165,0
DA:166,0
DA:177,0
FN:177,StorageManager.getTreasuryStats
FNDA:0,StorageManager.getTreasuryStats
DA:186,0
DA:187,0
DA:188,0
DA:198,0
FN:198,StorageManager.getAnalyticsStats
FNDA:0,StorageManager.getAnalyticsStats
DA:203,0
DA:204,0
DA:205,0
DA:217,0
FN:217,StorageManager.cleanupOldData
FNDA:0,StorageManager.cleanupOldData
DA:218,0
BRDA:218,8,0,-
BRDA:218,8,1,-
DA:223,0
DA:229,0
FN:229,StorageManager.getStorageHealth
FNDA:0,StorageManager.getStorageHealth
DA:239,0
FNF:13
FNH:0
LF:61
LH:0
BRF:14
BRH:0
end_of_record
TN:
SF:contracts/shared/storage/StorageMigration.sol
DA:50,0
FN:50,StorageMigration.createMigrationPlan
FNDA:0,StorageMigration.createMigrationPlan
DA:57,0
BRDA:57,0,0,-
BRDA:57,0,1,-
DA:58,0
BRDA:58,1,0,-
BRDA:58,1,1,-
DA:60,0
DA:73,0
FN:73,StorageMigration.startMigration
FNDA:0,StorageMigration.startMigration
DA:74,0
BRDA:74,2,0,-
BRDA:74,2,1,-
DA:75,0
BRDA:75,3,0,-
BRDA:75,3,1,-
DA:80,0
DA:81,0
DA:83,0
DA:95,0
FN:95,StorageMigration.migrateGameData
FNDA:0,StorageMigration.migrateGameData
DA:96,0
BRDA:96,4,0,-
BRDA:96,4,1,-
DA:98,0
DA:99,0
DA:102,0
BRDA:102,5,0,-
DA:103,0
DA:107,0
DA:108,0
DA:110,0
BRDA:110,6,0,-
DA:112,0
DA:113,0
DA:114,0
DA:122,0
FN:122,StorageMigration.migrateTreasuryData
FNDA:0,StorageMigration.migrateTreasuryData
DA:125,0
BRDA:125,7,0,-
BRDA:125,7,1,-
DA:127,0
DA:128,0
DA:129,0
DA:134,0
BRDA:134,8,0,-
DA:135,0
DA:146,0
FN:146,StorageMigration.migrateAnalyticsData
FNDA:0,StorageMigration.migrateAnalyticsData
DA:147,0
BRDA:147,9,0,-
BRDA:147,9,1,-
DA:149,0
DA:150,0
DA:153,0
DA:154,0
DA:155,0
DA:157,0
DA:158,0
DA:159,0
BRDA:159,10,0,-
DA:161,0
DA:162,0
DA:163,0
DA:173,0
FN:173,StorageMigration.completeMigration
FNDA:0,StorageMigration.completeMigration
DA:174,0
BRDA:174,11,0,-
BRDA:174,11,1,-
DA:176,0
DA:179,0
DA:180,0
DA:182,0
DA:183,0
DA:184,0
DA:186,0
DA:188,0
DA:198,0
FN:198,StorageMigration.failMigration
FNDA:0,StorageMigration.failMigration
DA:199,0
BRDA:199,12,0,-
BRDA:199,12,1,-
DA:201,0
DA:203,0
DA:211,0
FN:211,StorageMigration.rollbackMigration
FNDA:0,StorageMigration.rollbackMigration
DA:212,0
BRDA:212,13,0,-
BRDA:212,13,1,-
DA:213,0
BRDA:213,14,0,-
BRDA:213,14,1,-
DA:221,0
DA:229,0
FN:229,StorageMigration.getMigrationStatus
FNDA:0,StorageMigration.getMigrationStatus
DA:239,0
DA:252,0
FN:252,StorageMigration.getMigrationPlan
FNDA:0,StorageMigration.getMigrationPlan
DA:266,0
DA:267,0
FNF:10
FNH:0
LF:65
LH:0
BRF:26
BRH:0
end_of_record
TN:
SF:contracts/shared/storage/StorageOptimizer.sol
DA:49,0
FN:49,StorageOptimizer.removeDuplicates
FNDA:0,StorageOptimizer.removeDuplicates
DA:50,0
DA:51,0
DA:52,0
DA:53,0
BRDA:53,0,0,-
DA:54,0
DA:55,0
DA:56,0
DA:57,0
DA:66,0
FN:66,StorageOptimizer.addUniquePlayer
FNDA:0,StorageOptimizer.addUniquePlayer
DA:70,0
DA:71,0
DA:72,0
BRDA:72,1,0,-
DA:73,0
DA:76,0
DA:77,0
DA:88,35
FN:88,StorageOptimizer.addUniquePlayerOptimized
FNDA:35,StorageOptimizer.addUniquePlayerOptimized
DA:94,3
BRDA:94,2,0,3
DA:95,3
DA:99,32
DA:100,32
DA:101,0
DA:112,0
FN:112,StorageOptimizer.addBatchPlayersOptimized
FNDA:0,StorageOptimizer.addBatchPlayersOptimized
DA:117,0
DA:119,0
DA:120,0
DA:123,0
BRDA:123,3,0,-
DA:124,0
DA:125,0
DA:126,0
DA:130,0
DA:141,0
FN:141,StorageOptimizer.removePlayerOptimized
FNDA:0,StorageOptimizer.removePlayerOptimized
DA:146,0
BRDA:146,4,0,-
DA:147,0
DA:151,0
DA:152,0
DA:153,0
BRDA:153,5,0,-
DA:155,0
DA:156,0
DA:157,0
DA:158,0
DA:162,0
DA:171,0
FN:171,StorageOptimizer.isPlayerExists
FNDA:0,StorageOptimizer.isPlayerExists
DA:175,0
DA:182,0
FN:182,StorageOptimizer.getUniquePlayerCount
FNDA:0,StorageOptimizer.getUniquePlayerCount
DA:189,0
DA:195,0
FN:195,StorageOptimizer.batchUpdatePlayerScores
FNDA:0,StorageOptimizer.batchUpdatePlayerScores
DA:200,0
BRDA:200,6,0,-
BRDA:200,6,1,-
DA:201,0
DA:202,0
DA:209,0
FN:209,StorageOptimizer.validateStorageLayout
FNDA:0,StorageOptimizer.validateStorageLayout
DA:211,0
DA:214,0
DA:215,0
DA:216,0
DA:218,0
DA:224,0
FN:224,StorageOptimizer.getCachedGameData
FNDA:0,StorageOptimizer.getCachedGameData
DA:239,0
DA:240,0
DA:253,0
FN:253,StorageOptimizer.batchUpdateGameData
FNDA:0,StorageOptimizer.batchUpdateGameData
DA:260,0
DA:261,0
DA:262,0
DA:263,0
FNF:11
FNH:1
LF:64
LH:5
BRF:8
BRH:1
end_of_record
TN:
SF:contracts/shared/utils/AccessControl.sol
DA:25,0
FN:25,AdvancedAccessControl.constructor
FNDA:0,AdvancedAccessControl.constructor
DA:26,0
DA:27,0
DA:28,0
DA:29,0
DA:30,0
DA:34,0
FN:34,AdvancedAccessControl.grantRole
FNDA:0,AdvancedAccessControl.grantRole
DA:38,0
DA:39,0
DA:40,0
DA:41,0
DA:44,0
FN:44,AdvancedAccessControl.revokeRole
FNDA:0,AdvancedAccessControl.revokeRole
DA:48,0
DA:49,0
DA:50,0
DA:51,0
DA:54,0
FN:54,AdvancedAccessControl._removeUserRole
FNDA:0,AdvancedAccessControl._removeUserRole
DA:55,0
DA:56,0
DA:57,0
BRDA:57,0,0,-
DA:58,0
DA:59,0
DA:60,0
DA:66,0
FN:66,AdvancedAccessControl.emergencyPause
FNDA:0,AdvancedAccessControl.emergencyPause
DA:67,0
DA:68,0
DA:71,0
FN:71,AdvancedAccessControl.emergencyResume
FNDA:0,AdvancedAccessControl.emergencyResume
DA:72,0
DA:73,0
DA:77,0
FN:77,AdvancedAccessControl.hasRole
FNDA:0,AdvancedAccessControl.hasRole
DA:81,0
DA:84,0
FN:84,AdvancedAccessControl.getUserRoles
FNDA:0,AdvancedAccessControl.getUserRoles
DA:87,0
DA:91,0
FN:91,AdvancedAccessControl.onlyAdmin
FNDA:0,AdvancedAccessControl.onlyAdmin
DA:92,0
BRDA:92,1,0,-
BRDA:92,1,1,-
DA:99,0
FN:99,AdvancedAccessControl.onlyOperator
FNDA:0,AdvancedAccessControl.onlyOperator
DA:100,0
BRDA:100,2,0,-
BRDA:100,2,1,-
DA:107,0
FN:107,AdvancedAccessControl.onlyEmergency
FNDA:0,AdvancedAccessControl.onlyEmergency
DA:108,0
BRDA:108,3,0,-
BRDA:108,3,1,-
DA:115,0
FN:115,AdvancedAccessControl.onlyUpgrader
FNDA:0,AdvancedAccessControl.onlyUpgrader
DA:116,0
BRDA:116,4,0,-
BRDA:116,4,1,-
FNF:12
FNH:0
LF:41
LH:0
BRF:9
BRH:0
end_of_record
TN:
SF:contracts/shared/utils/CircuitBreaker.sol
DA:56,0
FN:56,CircuitBreaker.constructor
FNDA:0,CircuitBreaker.constructor
DA:57,0
DA:60,0
FN:60,CircuitBreaker.initialize
FNDA:0,CircuitBreaker.initialize
DA:61,0
DA:62,0
DA:68,0
FN:68,CircuitBreaker.createCircuit
FNDA:0,CircuitBreaker.createCircuit
DA:73,0
BRDA:73,0,0,-
BRDA:73,0,1,-
DA:74,0
BRDA:74,1,0,-
BRDA:74,1,1,-
DA:76,0
DA:85,0
DA:91,0
FN:91,CircuitBreaker.createAddressCircuit
FNDA:0,CircuitBreaker.createAddressCircuit
DA:96,0
BRDA:96,2,0,-
BRDA:96,2,1,-
DA:97,0
BRDA:97,3,0,-
BRDA:97,3,1,-
DA:99,0
DA:112,0
FN:112,CircuitBreaker.createFunctionCircuit
FNDA:0,CircuitBreaker.createFunctionCircuit
DA:117,0
BRDA:117,4,0,-
BRDA:117,4,1,-
DA:118,0
BRDA:118,5,0,-
BRDA:118,5,1,-
DA:120,0
DA:133,0
FN:133,CircuitBreaker.checkCircuit
FNDA:0,CircuitBreaker.checkCircuit
DA:136,0
DA:138,0
DA:139,0
DA:141,0
DA:147,0
FN:147,CircuitBreaker.checkAddressCircuit
FNDA:0,CircuitBreaker.checkAddressCircuit
DA:150,0
DA:152,0
DA:153,0
DA:155,0
DA:161,0
FN:161,CircuitBreaker.checkFunctionCircuit
FNDA:0,CircuitBreaker.checkFunctionCircuit
DA:164,0
DA:166,0
DA:167,0
DA:169,0
DA:175,0
FN:175,CircuitBreaker._checkCircuitState
FNDA:0,CircuitBreaker._checkCircuitState
DA:178,0
BRDA:178,12,0,-
DA:180,0
BRDA:180,13,0,-
DA:181,0
DA:183,0
DA:185,0
DA:191,0
FN:191,CircuitBreaker.recordFailure
FNDA:0,CircuitBreaker.recordFailure
DA:192,0
DA:193,0
DA:195,0
DA:196,0
DA:198,0
BRDA:198,15,0,-
DA:199,0
DA:200,0
DA:211,0
FN:211,CircuitBreaker.recordAddressFailure
FNDA:0,CircuitBreaker.recordAddressFailure
DA:212,0
DA:213,0
DA:215,0
DA:216,0
DA:218,0
BRDA:218,17,0,-
DA:219,0
DA:220,0
DA:231,0
FN:231,CircuitBreaker.recordFunctionFailure
FNDA:0,CircuitBreaker.recordFunctionFailure
DA:234,0
DA:235,0
DA:237,0
DA:238,0
DA:240,0
BRDA:240,19,0,-
DA:241,0
DA:242,0
DA:253,0
FN:253,CircuitBreaker.recordSuccess
FNDA:0,CircuitBreaker.recordSuccess
DA:254,0
DA:255,0
DA:257,0
BRDA:257,21,0,-
BRDA:257,21,1,-
DA:258,0
DA:259,0
DA:260,0
BRDA:260,22,0,-
DA:261,0
DA:262,0
DA:263,0
DA:270,0
FN:270,CircuitBreaker.recordAddressSuccess
FNDA:0,CircuitBreaker.recordAddressSuccess
DA:271,0
DA:272,0
DA:274,0
BRDA:274,24,0,-
BRDA:274,24,1,-
DA:275,0
DA:276,0
DA:280,0
BRDA:280,25,0,-
DA:281,0
DA:282,0
DA:283,0
DA:293,0
FN:293,CircuitBreaker.recordFunctionSuccess
FNDA:0,CircuitBreaker.recordFunctionSuccess
DA:296,0
DA:297,0
DA:299,0
BRDA:299,27,0,-
BRDA:299,27,1,-
DA:300,0
DA:301,0
DA:302,0
BRDA:302,28,0,-
DA:303,0
DA:304,0
DA:305,0
DA:312,0
FN:312,CircuitBreaker.toggleCircuitBreaker
FNDA:0,CircuitBreaker.toggleCircuitBreaker
DA:313,0
DA:314,0
DA:320,0
FN:320,CircuitBreaker.getCircuitInfo
FNDA:0,CircuitBreaker.getCircuitInfo
DA:334,0
DA:335,0
FNF:17
FNH:0
LF:99
LH:0
BRF:26
BRH:0
end_of_record
TN:
SF:contracts/shared/utils/ContractRegistry.sol
DA:53,0
FN:53,ContractRegistry.registerContract
FNDA:0,ContractRegistry.registerContract
DA:57,0
BRDA:57,0,0,-
BRDA:57,0,1,-
DA:58,0
BRDA:58,1,0,-
BRDA:58,1,1,-
DA:59,0
BRDA:59,2,0,-
BRDA:59,2,1,-
DA:61,0
DA:62,0
DA:64,0
DA:70,42
FN:70,ContractRegistry.registerBatchContracts
FNDA:42,ContractRegistry.registerBatchContracts
DA:74,42
BRDA:74,3,0,-
BRDA:74,3,1,-
DA:75,42
BRDA:75,4,0,-
BRDA:75,4,1,-
DA:77,42
DA:78,252
BRDA:78,5,0,-
BRDA:78,5,1,-
DA:79,252
BRDA:79,6,0,-
BRDA:79,6,1,-
DA:80,252
BRDA:80,7,0,-
BRDA:80,7,1,-
DA:85,252
DA:86,252
DA:89,42
DA:95,0
FN:95,ContractRegistry.updateContract
FNDA:0,ContractRegistry.updateContract
DA:99,0
BRDA:99,8,0,-
BRDA:99,8,1,-
DA:100,0
BRDA:100,9,0,-
BRDA:100,9,1,-
DA:102,0
DA:103,0
DA:104,0
DA:105,0
DA:107,0
DA:113,0
FN:113,ContractRegistry.removeContract
FNDA:0,ContractRegistry.removeContract
DA:114,0
DA:115,0
BRDA:115,10,0,-
BRDA:115,10,1,-
DA:117,0
DA:118,0
DA:120,0
DA:126,41
FN:126,ContractRegistry.getContract
FNDA:41,ContractRegistry.getContract
DA:127,41
DA:128,41
BRDA:128,11,0,-
BRDA:128,11,1,-
DA:129,0
DA:135,0
FN:135,ContractRegistry.getContracts
FNDA:0,ContractRegistry.getContracts
DA:138,0
DA:139,0
DA:140,0
DA:142,0
DA:148,0
FN:148,ContractRegistry.isRegistered
FNDA:0,ContractRegistry.isRegistered
DA:149,0
DA:155,0
FN:155,ContractRegistry.getContractName
FNDA:0,ContractRegistry.getContractName
DA:158,0
DA:164,0
FN:164,ContractRegistry.getAllContractNames
FNDA:0,ContractRegistry.getAllContractNames
DA:167,0
DA:168,0
DA:171,0
BRDA:171,12,0,-
DA:172,0
DA:173,0
DA:175,0
BRDA:175,13,0,-
DA:176,0
DA:177,0
DA:182,0
DA:183,0
DA:184,0
DA:187,0
DA:193,0
FN:193,ContractRegistry.getContractCount
FNDA:0,ContractRegistry.getContractCount
DA:194,0
DA:195,0
BRDA:195,14,0,-
DA:196,0
BRDA:196,15,0,-
DA:197,0
BRDA:197,16,0,-
DA:198,0
BRDA:198,17,0,-
DA:199,0
BRDA:199,18,0,-
DA:200,0
BRDA:200,19,0,-
DA:201,0
BRDA:201,20,0,-
DA:202,0
BRDA:202,21,0,-
DA:203,0
BRDA:203,22,0,-
DA:204,0
BRDA:204,23,0,-
DA:205,0
BRDA:205,24,0,-
DA:206,0
BRDA:206,25,0,-
DA:208,0
FNF:10
FNH:2
LF:72
LH:13
BRF:38
BRH:0
end_of_record
TN:
SF:contracts/shared/utils/EventLogger.sol
DA:46,0
FN:46,EventLogger.logEvent
FNDA:0,EventLogger.logEvent
DA:52,0
BRDA:52,0,0,-
BRDA:52,0,1,-
DA:54,0
DA:63,0
DA:64,0
DA:66,0
DA:72,0
FN:72,EventLogger.toggleLogging
FNDA:0,EventLogger.toggleLogging
DA:73,0
DA:74,0
DA:80,0
FN:80,EventLogger.isLoggingEnabled
FNDA:0,EventLogger.isLoggingEnabled
DA:81,0
DA:87,0
FN:87,EventLogger.clearLogs
FNDA:0,EventLogger.clearLogs
DA:88,0
DA:89,0
DA:95,0
FN:95,EventLogger.getEventLogCount
FNDA:0,EventLogger.getEventLogCount
DA:96,0
DA:102,0
FN:102,EventLogger.getEventTypeCount
FNDA:0,EventLogger.getEventTypeCount
DA:105,0
DA:111,0
FN:111,EventLogger.getRecentLogs
FNDA:0,EventLogger.getRecentLogs
DA:114,0
DA:115,0
DA:117,0
DA:118,0
DA:119,0
DA:122,0
FNF:7
FNH:0
LF:25
LH:0
BRF:2
BRH:0
end_of_record
TN:
SF:contracts/shared/utils/GasOptimizer.sol
DA:12,0
FN:12,GasOptimizer.removeDuplicates
FNDA:0,GasOptimizer.removeDuplicates
DA:13,0
DA:14,0
DA:15,0
DA:16,0
BRDA:16,0,0,-
DA:17,0
DA:18,0
DA:19,0
DA:20,0
DA:29,0
FN:29,GasOptimizer.removeElement
FNDA:0,GasOptimizer.removeElement
DA:33,0
DA:34,0
DA:35,0
BRDA:35,1,0,-
DA:36,0
DA:37,0
DA:38,0
DA:41,0
DA:47,0
FN:47,GasOptimizer.removeAtIndex
FNDA:0,GasOptimizer.removeAtIndex
DA:48,0
BRDA:48,2,0,-
BRDA:48,2,1,-
DA:49,0
DA:50,0
DA:56,0
FN:56,GasOptimizer.sortAddresses
FNDA:0,GasOptimizer.sortAddresses
DA:59,0
DA:60,0
DA:61,0
DA:64,0
DA:65,0
DA:66,0
BRDA:66,3,0,-
DA:67,0
DA:68,0
DA:69,0
DA:74,0
DA:80,0
FN:80,GasOptimizer.findElement
FNDA:0,GasOptimizer.findElement
DA:84,0
DA:85,0
BRDA:85,4,0,-
DA:86,0
DA:89,0
DA:95,0
FN:95,GasOptimizer.sliceArray
FNDA:0,GasOptimizer.sliceArray
DA:100,0
BRDA:100,5,0,-
BRDA:100,5,1,-
DA:105,0
DA:106,0
DA:107,0
DA:110,0
DA:116,0
FN:116,GasOptimizer.mergeArrays
FNDA:0,GasOptimizer.mergeArrays
DA:120,0
DA:122,0
DA:123,0
DA:126,0
DA:127,0
DA:130,0
DA:136,0
FN:136,GasOptimizer.intersection
FNDA:0,GasOptimizer.intersection
DA:140,0
DA:141,0
DA:143,0
DA:144,0
DA:145,0
BRDA:145,6,0,-
DA:146,0
DA:147,0
DA:148,0
DA:153,0
DA:154,0
DA:155,0
DA:158,0
DA:164,0
FN:164,GasOptimizer.union
FNDA:0,GasOptimizer.union
DA:168,0
DA:169,0
DA:172,0
DA:173,0
DA:174,0
DA:178,0
DA:179,0
DA:180,0
DA:181,0
BRDA:181,7,0,-
DA:182,0
DA:183,0
DA:186,0
BRDA:186,8,0,-
DA:187,0
DA:188,0
DA:192,0
DA:193,0
DA:194,0
DA:197,0
DA:203,0
FN:203,GasOptimizer.difference
FNDA:0,GasOptimizer.difference
DA:207,0
DA:208,0
DA:210,0
DA:211,0
DA:212,0
DA:213,0
BRDA:213,9,0,-
DA:214,0
DA:215,0
DA:218,0
BRDA:218,10,0,-
DA:219,0
DA:220,0
DA:224,0
DA:225,0
DA:226,0
DA:229,0
DA:235,0
FN:235,GasOptimizer.shuffleArray
FNDA:0,GasOptimizer.shuffleArray
DA:239,0
DA:242,0
DA:243,0
DA:247,0
DA:248,0
DA:249,0
DA:250,0
DA:251,0
DA:254,0
DA:260,0
FN:260,GasOptimizer.rotateArray
FNDA:0,GasOptimizer.rotateArray
DA:264,0
DA:266,0
DA:267,0
DA:269,0
DA:271,0
DA:272,0
DA:273,0
DA:276,0
DA:282,0
FN:282,GasOptimizer.reverseArray
FNDA:0,GasOptimizer.reverseArray
DA:285,0
DA:287,0
DA:288,0
DA:291,0
DA:297,0
FN:297,GasOptimizer.removeDuplicatesFromMemory
FNDA:0,GasOptimizer.removeDuplicatesFromMemory
DA:300,0
DA:302,0
DA:303,0
DA:305,0
DA:306,0
DA:307,0
DA:308,0
BRDA:308,14,0,-
DA:309,0
DA:310,0
DA:313,0
BRDA:313,15,0,-
DA:314,0
DA:315,0
DA:319,0
DA:320,0
DA:321,0
DA:324,0
FNF:14
FNH:0
LF:139
LH:0
BRF:15
BRH:0
end_of_record
TN:
SF:contracts/shared/utils/RateLimiter.sol
DA:55,0
FN:55,RateLimiter.constructor
FNDA:0,RateLimiter.constructor
DA:56,0
DA:59,0
FN:59,RateLimiter.initialize
FNDA:0,RateLimiter.initialize
DA:60,0
DA:61,0
DA:67,0
FN:67,RateLimiter.setUserRateLimit
FNDA:0,RateLimiter.setUserRateLimit
DA:72,0
BRDA:72,0,0,-
BRDA:72,0,1,-
DA:73,0
BRDA:73,1,0,-
BRDA:73,1,1,-
DA:75,0
DA:83,0
DA:95,0
FN:95,RateLimiter.setFunctionRateLimit
FNDA:0,RateLimiter.setFunctionRateLimit
DA:100,0
BRDA:100,2,0,-
BRDA:100,2,1,-
DA:101,0
BRDA:101,3,0,-
BRDA:101,3,1,-
DA:103,0
DA:111,0
DA:123,0
FN:123,RateLimiter.setUserFunctionRateLimit
FNDA:0,RateLimiter.setUserFunctionRateLimit
DA:129,0
BRDA:129,4,0,-
BRDA:129,4,1,-
DA:130,0
BRDA:130,5,0,-
BRDA:130,5,1,-
DA:132,0
DA:140,0
DA:152,0
FN:152,RateLimiter.checkRateLimit
FNDA:0,RateLimiter.checkRateLimit
DA:156,0
BRDA:156,6,0,-
BRDA:156,6,1,-
DA:158,0
DA:161,0
DA:162,0
BRDA:162,7,0,-
DA:163,0
DA:167,0
DA:168,0
BRDA:168,8,0,-
DA:169,0
DA:173,0
DA:176,0
BRDA:176,9,0,-
DA:177,0
DA:180,0
BRDA:180,10,0,-
DA:181,0
DA:184,0
DA:190,0
FN:190,RateLimiter._checkAndUpdateRateLimit
FNDA:0,RateLimiter._checkAndUpdateRateLimit
DA:194,0
BRDA:194,11,0,-
DA:195,0
DA:196,0
DA:197,0
DA:201,0
BRDA:201,12,0,-
DA:202,0
DA:206,0
DA:207,0
DA:213,0
FN:213,RateLimiter.disableUserRateLimit
FNDA:0,RateLimiter.disableUserRateLimit
DA:214,0
DA:217,0
FN:217,RateLimiter.disableFunctionRateLimit
FNDA:0,RateLimiter.disableFunctionRateLimit
DA:220,0
DA:223,0
FN:223,RateLimiter.disableUserFunctionRateLimit
FNDA:0,RateLimiter.disableUserFunctionRateLimit
DA:227,0
DA:233,0
FN:233,RateLimiter.toggleRateLimiting
FNDA:0,RateLimiter.toggleRateLimiting
DA:234,0
DA:235,0
DA:241,0
FN:241,RateLimiter.updateDefaultSettings
FNDA:0,RateLimiter.updateDefaultSettings
DA:245,0
BRDA:245,13,0,-
BRDA:245,13,1,-
DA:246,0
BRDA:246,14,0,-
BRDA:246,14,1,-
DA:248,0
DA:249,0
DA:255,0
FN:255,RateLimiter.getUserRateLimitInfo
FNDA:0,RateLimiter.getUserRateLimitInfo
DA:267,0
DA:268,0
DA:279,0
FN:279,RateLimiter.getFunctionRateLimitInfo
FNDA:0,RateLimiter.getFunctionRateLimitInfo
DA:291,0
DA:292,0
DA:303,0
FN:303,RateLimiter.getUserFunctionRateLimitInfo
FNDA:0,RateLimiter.getUserFunctionRateLimitInfo
DA:316,0
DA:319,0
FNF:15
FNH:0
LF:67
LH:0
BRF:24
BRH:0
end_of_record
TN:
SF:contracts/shared/utils/SecurityUtils.sol
DA:37,0
FN:37,SecurityUtils.constructor
FNDA:0,SecurityUtils.constructor
DA:38,0
DA:41,0
FN:41,SecurityUtils.initialize
FNDA:0,SecurityUtils.initialize
DA:42,0
DA:48,0
FN:48,SecurityUtils.blacklistAddress
FNDA:0,SecurityUtils.blacklistAddress
DA:49,0
BRDA:49,0,0,-
BRDA:49,0,1,-
DA:50,0
DA:51,0
DA:57,0
FN:57,SecurityUtils.whitelistAddress
FNDA:0,SecurityUtils.whitelistAddress
DA:58,0
BRDA:58,1,0,-
BRDA:58,1,1,-
DA:59,0
DA:60,0
DA:66,0
FN:66,SecurityUtils.isBlacklisted
FNDA:0,SecurityUtils.isBlacklisted
DA:67,0
DA:73,0
FN:73,SecurityUtils.recordInteraction
FNDA:0,SecurityUtils.recordInteraction
DA:74,0
BRDA:74,2,0,-
BRDA:74,2,1,-
DA:76,0
DA:77,0
DA:80,0
BRDA:80,3,0,-
BRDA:80,3,1,-
DA:86,0
BRDA:86,4,0,-
BRDA:86,4,1,-
DA:88,0
DA:90,0
DA:91,0
BRDA:91,5,0,-
BRDA:91,5,1,-
DA:97,0
DA:99,0
DA:105,0
FN:105,SecurityUtils.updateRateLimits
FNDA:0,SecurityUtils.updateRateLimits
DA:109,0
BRDA:109,6,0,-
BRDA:109,6,1,-
DA:110,0
BRDA:110,7,0,-
BRDA:110,7,1,-
DA:115,0
DA:116,0
DA:118,0
DA:119,0
DA:121,0
DA:132,0
FN:132,SecurityUtils.detectSuspiciousActivity
FNDA:0,SecurityUtils.detectSuspiciousActivity
DA:136,0
DA:142,0
FN:142,SecurityUtils.getUserStats
FNDA:0,SecurityUtils.getUserStats
DA:155,0
DA:167,0
FN:167,SecurityUtils.whenNotBlacklisted
FNDA:0,SecurityUtils.whenNotBlacklisted
DA:168,0
BRDA:168,8,0,-
BRDA:168,8,1,-
DA:175,0
FN:175,SecurityUtils.rateLimited
FNDA:0,SecurityUtils.rateLimited
DA:176,0
BRDA:176,9,0,-
BRDA:176,9,1,-
DA:177,0
BRDA:177,10,0,-
BRDA:177,10,1,-
DA:182,0
BRDA:182,11,0,-
BRDA:182,11,1,-
FNF:11
FNH:0
LF:43
LH:0
BRF:24
BRH:0
end_of_record
TN:
SF:script/Deploy.s.sol
DA:30,0
FN:30,DeployScript.setUp
FNDA:0,DeployScript.setUp
DA:32,0
FN:32,DeployScript.run
FNDA:0,DeployScript.run
DA:33,0
DA:34,0
DA:36,0
DA:39,0
DA:42,0
DA:45,0
DA:48,0
DA:50,0
DA:53,0
DA:56,0
FN:56,DeployScript._deployCoreContracts
FNDA:0,DeployScript._deployCoreContracts
DA:58,0
DA:59,0
DA:60,0
DA:61,0
DA:62,0
DA:63,0
DA:64,0
DA:67,0
DA:71,0
DA:75,0
DA:81,0
FN:81,DeployScript._deployLotteryContracts
FNDA:0,DeployScript._deployLotteryContracts
DA:83,0
DA:84,0
DA:85,0
DA:88,0
DA:91,0
DA:94,0
DA:99,0
DA:104,0
DA:109,0
DA:115,0
DA:116,0
DA:117,0
DA:120,0
FN:120,DeployScript._setupContracts
FNDA:0,DeployScript._setupContracts
DA:122,0
DA:123,0
DA:124,0
DA:127,0
DA:130,0
DA:131,0
DA:132,0
DA:135,0
FN:135,DeployScript._registerContracts
FNDA:0,DeployScript._registerContracts
DA:137,0
DA:138,0
DA:140,0
DA:141,0
DA:142,0
DA:143,0
DA:144,0
DA:145,0
DA:146,0
DA:147,0
DA:149,0
DA:150,0
DA:151,0
DA:152,0
DA:153,0
DA:154,0
DA:155,0
DA:156,0
DA:158,0
DA:161,0
FN:161,DeployScript._logDeploymentSummary
FNDA:0,DeployScript._logDeploymentSummary
DA:162,0
DA:163,0
DA:166,0
DA:167,0
DA:168,0
DA:169,0
DA:170,0
DA:171,0
DA:172,0
DA:173,0
DA:174,0
DA:175,0
DA:176,0
DA:177,0
DA:178,0
FNF:7
FNH:0
LF:79
LH:0
BRF:0
BRH:0
end_of_record
